<?xml version="1.0" encoding="UTF-8"?>
<testsuite name="com.indeed.proctor.webapp.jobs.BackgroundJobManagerTest" tests="3" skipped="0" failures="0" errors="0" timestamp="2023-05-01T19:04:53" hostname="IT-USA-VY0740" time="0.225">
  <properties/>
  <testcase name="submit" classname="com.indeed.proctor.webapp.jobs.BackgroundJobManagerTest" time="0.01"/>
  <testcase name="testEvictLeastRecentlyInsertedJobFromHistory" classname="com.indeed.proctor.webapp.jobs.BackgroundJobManagerTest" time="0.208"/>
  <testcase name="testScheduledCacheUpdateWithSubmit" classname="com.indeed.proctor.webapp.jobs.BackgroundJobManagerTest" time="0.005"/>
  <system-out><![CDATA[INFO  [Test worker][2023-05-01T15:04:53,300] [com.indeed.proctor.webapp.jobs.BackgroundJobManager.submit] - a background job was submitted : id=1 uuid=584563a4-8f6f-4b04-8f4e-93a9bda92ecc title=null
INFO  [Test worker][2023-05-01T15:04:53,303] [com.indeed.proctor.webapp.jobs.BackgroundJobManager.submit] - a background job was submitted : id=1 uuid=7f4722f0-2641-45bb-83a6-ea511b5e8c0f title=null
INFO  [Test worker][2023-05-01T15:04:53,305] [com.indeed.proctor.webapp.jobs.BackgroundJobManager.submit] - a background job was submitted : id=2 uuid=7546c9ea-ba78-42ea-81bb-200569f92452 title=null
INFO  [Test worker][2023-05-01T15:04:53,305] [com.indeed.proctor.webapp.jobs.BackgroundJobManager.submit] - a background job was submitted : id=3 uuid=dafcbfa1-29ee-4ddb-99b7-5bfa9590a0f1 title=null
INFO  [Test worker][2023-05-01T15:04:53,306] [com.indeed.proctor.webapp.jobs.BackgroundJobManager.submit] - a background job was submitted : id=4 uuid=9b282e11-a75c-4019-96a1-69a97079d1e6 title=null
INFO  [Test worker][2023-05-01T15:04:53,307] [com.indeed.proctor.webapp.jobs.BackgroundJobManager.submit] - a background job was submitted : id=5 uuid=2ca415cd-4cd1-4463-b0c9-69afba7b068f title=null
INFO  [Test worker][2023-05-01T15:04:53,307] [com.indeed.proctor.webapp.jobs.BackgroundJobManager.submit] - a background job was submitted : id=6 uuid=3bd86319-e35d-414d-8140-7ee18a539c2e title=null
INFO  [Test worker][2023-05-01T15:04:53,308] [com.indeed.proctor.webapp.jobs.BackgroundJobManager.submit] - a background job was submitted : id=7 uuid=3f88bdae-6d0b-4fd1-899e-4f14db92eb2a title=null
INFO  [Test worker][2023-05-01T15:04:53,309] [com.indeed.proctor.webapp.jobs.BackgroundJobManager.submit] - a background job was submitted : id=8 uuid=3329fc53-b16c-45d6-b57e-94dce8b0643f title=null
INFO  [Test worker][2023-05-01T15:04:53,309] [com.indeed.proctor.webapp.jobs.BackgroundJobManager.submit] - a background job was submitted : id=9 uuid=eb6f5592-fcf4-4e23-8329-d37e364fdc75 title=null
INFO  [Test worker][2023-05-01T15:04:53,310] [com.indeed.proctor.webapp.jobs.BackgroundJobManager.submit] - a background job was submitted : id=10 uuid=4a88d4a7-e171-4b96-aec8-18e534b58a92 title=null
INFO  [Test worker][2023-05-01T15:04:53,311] [com.indeed.proctor.webapp.jobs.BackgroundJobManager.submit] - a background job was submitted : id=11 uuid=d3f4701c-a990-47f6-bbdd-450dce1a34ca title=null
INFO  [Test worker][2023-05-01T15:04:53,312] [com.indeed.proctor.webapp.jobs.BackgroundJobManager.submit] - a background job was submitted : id=12 uuid=6b37ad74-b22b-4af3-9179-9bc2eff5a0c3 title=null
INFO  [Test worker][2023-05-01T15:04:53,312] [com.indeed.proctor.webapp.jobs.BackgroundJobManager.submit] - a background job was submitted : id=13 uuid=e443c56b-2535-498a-8e88-d4b0db06652d title=null
INFO  [Test worker][2023-05-01T15:04:53,313] [com.indeed.proctor.webapp.jobs.BackgroundJobManager.submit] - a background job was submitted : id=14 uuid=83527c08-3601-4b5f-95f6-4dccad1f2da6 title=null
INFO  [Test worker][2023-05-01T15:04:53,313] [com.indeed.proctor.webapp.jobs.BackgroundJobManager.submit] - a background job was submitted : id=15 uuid=e6b92b44-331b-4e9d-93b5-c06f5948c53e title=null
INFO  [Test worker][2023-05-01T15:04:53,314] [com.indeed.proctor.webapp.jobs.BackgroundJobManager.submit] - a background job was submitted : id=16 uuid=63aa30d3-7c5c-462b-9d5a-9f091c523712 title=null
INFO  [Test worker][2023-05-01T15:04:53,314] [com.indeed.proctor.webapp.jobs.BackgroundJobManager.submit] - a background job was submitted : id=17 uuid=0ee744d1-deee-4a0b-bbc0-0b7d414d4f10 title=null
INFO  [Test worker][2023-05-01T15:04:53,315] [com.indeed.proctor.webapp.jobs.BackgroundJobManager.submit] - a background job was submitted : id=18 uuid=55f7b0a9-1472-49e4-af56-abd71f1fb676 title=null
INFO  [Test worker][2023-05-01T15:04:53,315] [com.indeed.proctor.webapp.jobs.BackgroundJobManager.submit] - a background job was submitted : id=19 uuid=193e00a7-6f83-4239-a360-02fa082ac5a1 title=null
INFO  [Test worker][2023-05-01T15:04:53,316] [com.indeed.proctor.webapp.jobs.BackgroundJobManager.submit] - a background job was submitted : id=20 uuid=625f32d8-0cfb-40bf-ae4a-d384c05f8217 title=null
INFO  [Test worker][2023-05-01T15:04:53,316] [com.indeed.proctor.webapp.jobs.BackgroundJobManager.submit] - a background job was submitted : id=21 uuid=89ea7c0c-73c1-46bf-8bd3-0a19b8bfe9bd title=null
INFO  [Test worker][2023-05-01T15:04:53,317] [com.indeed.proctor.webapp.jobs.BackgroundJobManager.submit] - a background job was submitted : id=22 uuid=b57908ed-4ca8-461b-8b91-ba53234b43a2 title=null
INFO  [Test worker][2023-05-01T15:04:53,317] [com.indeed.proctor.webapp.jobs.BackgroundJobManager.submit] - a background job was submitted : id=23 uuid=dcf4a725-f2e2-45fd-b016-90eb052e13e0 title=null
INFO  [Test worker][2023-05-01T15:04:53,317] [com.indeed.proctor.webapp.jobs.BackgroundJobManager.submit] - a background job was submitted : id=24 uuid=c48a52a9-d8fa-48f0-a1bd-201ecb643e4b title=null
INFO  [Test worker][2023-05-01T15:04:53,318] [com.indeed.proctor.webapp.jobs.BackgroundJobManager.submit] - a background job was submitted : id=25 uuid=9a885022-3397-48c9-b1ed-3b158f0b30af title=null
INFO  [Test worker][2023-05-01T15:04:53,318] [com.indeed.proctor.webapp.jobs.BackgroundJobManager.submit] - a background job was submitted : id=26 uuid=e4a560a2-2df4-4337-9c4d-c7724359a629 title=null
INFO  [Test worker][2023-05-01T15:04:53,318] [com.indeed.proctor.webapp.jobs.BackgroundJobManager.submit] - a background job was submitted : id=27 uuid=48cc9afd-8fd6-4549-8a27-8fac53b137c7 title=null
INFO  [Test worker][2023-05-01T15:04:53,319] [com.indeed.proctor.webapp.jobs.BackgroundJobManager.submit] - a background job was submitted : id=28 uuid=c91bc164-d7af-4783-a3ad-ac9444a13375 title=null
INFO  [Test worker][2023-05-01T15:04:53,319] [com.indeed.proctor.webapp.jobs.BackgroundJobManager.submit] - a background job was submitted : id=29 uuid=bf0ffcb4-ca98-4b03-9641-69209286688e title=null
INFO  [Test worker][2023-05-01T15:04:53,319] [com.indeed.proctor.webapp.jobs.BackgroundJobManager.submit] - a background job was submitted : id=30 uuid=1082fd53-6e5d-487a-bbd8-ef8c7b93d851 title=null
INFO  [Test worker][2023-05-01T15:04:53,320] [com.indeed.proctor.webapp.jobs.BackgroundJobManager.submit] - a background job was submitted : id=31 uuid=a3765e83-e4a3-4359-9289-8b420b1d191a title=null
INFO  [Test worker][2023-05-01T15:04:53,320] [com.indeed.proctor.webapp.jobs.BackgroundJobManager.submit] - a background job was submitted : id=32 uuid=104d43c6-5c3f-449e-a37f-83678c3acfb8 title=null
INFO  [Test worker][2023-05-01T15:04:53,320] [com.indeed.proctor.webapp.jobs.BackgroundJobManager.submit] - a background job was submitted : id=33 uuid=495aaab6-9d64-4cc5-bd26-45ab01656b7c title=null
INFO  [Test worker][2023-05-01T15:04:53,321] [com.indeed.proctor.webapp.jobs.BackgroundJobManager.submit] - a background job was submitted : id=34 uuid=612be1fa-c102-46d3-8230-506c2ff9dcd9 title=null
INFO  [Test worker][2023-05-01T15:04:53,321] [com.indeed.proctor.webapp.jobs.BackgroundJobManager.submit] - a background job was submitted : id=35 uuid=1c7470c1-bda0-4f4a-abe2-7a5bb6d11093 title=null
INFO  [Test worker][2023-05-01T15:04:53,321] [com.indeed.proctor.webapp.jobs.BackgroundJobManager.submit] - a background job was submitted : id=36 uuid=a8e0e769-b77e-43b1-ba77-3c82eb2e2ce7 title=null
INFO  [Test worker][2023-05-01T15:04:53,322] [com.indeed.proctor.webapp.jobs.BackgroundJobManager.submit] - a background job was submitted : id=37 uuid=11d1f621-2d97-4c45-9d18-b812e06b2d0b title=null
INFO  [Test worker][2023-05-01T15:04:53,322] [com.indeed.proctor.webapp.jobs.BackgroundJobManager.submit] - a background job was submitted : id=38 uuid=c59293c5-7b6e-4342-93ee-d7003971397d title=null
INFO  [Test worker][2023-05-01T15:04:53,322] [com.indeed.proctor.webapp.jobs.BackgroundJobManager.submit] - a background job was submitted : id=39 uuid=eefe16bd-599d-412b-8868-342262d71509 title=null
INFO  [Test worker][2023-05-01T15:04:53,323] [com.indeed.proctor.webapp.jobs.BackgroundJobManager.submit] - a background job was submitted : id=40 uuid=88a6e4fd-ef91-46eb-8d85-15e25f272b8f title=null
INFO  [Test worker][2023-05-01T15:04:53,323] [com.indeed.proctor.webapp.jobs.BackgroundJobManager.submit] - a background job was submitted : id=41 uuid=51782bc5-bd59-4a44-afaa-655ec0290712 title=null
INFO  [Test worker][2023-05-01T15:04:53,323] [com.indeed.proctor.webapp.jobs.BackgroundJobManager.submit] - a background job was submitted : id=42 uuid=b340953f-f776-4cfd-bbe7-d8408fce0ba5 title=null
INFO  [Test worker][2023-05-01T15:04:53,324] [com.indeed.proctor.webapp.jobs.BackgroundJobManager.submit] - a background job was submitted : id=43 uuid=797ddcb3-440f-4aad-93ec-148af5eb93df title=null
INFO  [Test worker][2023-05-01T15:04:53,324] [com.indeed.proctor.webapp.jobs.BackgroundJobManager.submit] - a background job was submitted : id=44 uuid=ee72e236-aecd-4576-a85e-8ad606fa2def title=null
INFO  [Test worker][2023-05-01T15:04:53,324] [com.indeed.proctor.webapp.jobs.BackgroundJobManager.submit] - a background job was submitted : id=45 uuid=bc295904-8ace-443f-bf98-28310f1d47be title=null
INFO  [Test worker][2023-05-01T15:04:53,324] [com.indeed.proctor.webapp.jobs.BackgroundJobManager.submit] - a background job was submitted : id=46 uuid=860c6d51-e842-4eb9-a3a9-af3629d5441c title=null
INFO  [Test worker][2023-05-01T15:04:53,325] [com.indeed.proctor.webapp.jobs.BackgroundJobManager.submit] - a background job was submitted : id=47 uuid=a58469f5-7d2f-42c0-8a46-6e57d52f33ca title=null
INFO  [Test worker][2023-05-01T15:04:53,325] [com.indeed.proctor.webapp.jobs.BackgroundJobManager.submit] - a background job was submitted : id=48 uuid=e2e0910d-0163-4919-8e91-a2eb8cd369fc title=null
INFO  [Test worker][2023-05-01T15:04:53,326] [com.indeed.proctor.webapp.jobs.BackgroundJobManager.submit] - a background job was submitted : id=49 uuid=0bd246dd-fe84-460b-854b-e8bbbc5dcc9d title=null
INFO  [Test worker][2023-05-01T15:04:53,326] [com.indeed.proctor.webapp.jobs.BackgroundJobManager.submit] - a background job was submitted : id=50 uuid=bfdc8f35-8b07-4477-956f-bece55e78cee title=null
INFO  [Test worker][2023-05-01T15:04:53,326] [com.indeed.proctor.webapp.jobs.BackgroundJobManager.submit] - a background job was submitted : id=51 uuid=6b931f77-9821-4c1f-8d6c-e2f28fb612bc title=null
INFO  [Test worker][2023-05-01T15:04:53,327] [com.indeed.proctor.webapp.jobs.BackgroundJobManager.submit] - a background job was submitted : id=52 uuid=9d5e2fed-ac19-41ab-87f0-707eb419498a title=null
INFO  [Test worker][2023-05-01T15:04:53,327] [com.indeed.proctor.webapp.jobs.BackgroundJobManager.submit] - a background job was submitted : id=53 uuid=a849d3b4-2cfe-4951-b822-89f5ad54cce9 title=null
INFO  [Test worker][2023-05-01T15:04:53,327] [com.indeed.proctor.webapp.jobs.BackgroundJobManager.submit] - a background job was submitted : id=54 uuid=9939ad17-ffa0-4761-9195-91d950eff83d title=null
INFO  [Test worker][2023-05-01T15:04:53,327] [com.indeed.proctor.webapp.jobs.BackgroundJobManager.submit] - a background job was submitted : id=55 uuid=61ae7829-242c-427e-9a54-ead83aa14ac4 title=null
INFO  [Test worker][2023-05-01T15:04:53,328] [com.indeed.proctor.webapp.jobs.BackgroundJobManager.submit] - a background job was submitted : id=56 uuid=5dee9440-1e16-45e7-bd9b-0f9a448ce32a title=null
INFO  [Test worker][2023-05-01T15:04:53,328] [com.indeed.proctor.webapp.jobs.BackgroundJobManager.submit] - a background job was submitted : id=57 uuid=d8e1e3f9-9c53-4a36-a60e-6c35b7d4e0e2 title=null
INFO  [Test worker][2023-05-01T15:04:53,328] [com.indeed.proctor.webapp.jobs.BackgroundJobManager.submit] - a background job was submitted : id=58 uuid=6e583af1-22f6-4f57-bd70-0961142a49e8 title=null
INFO  [Test worker][2023-05-01T15:04:53,328] [com.indeed.proctor.webapp.jobs.BackgroundJobManager.submit] - a background job was submitted : id=59 uuid=4b61cfec-a952-47c4-98e3-1df76fd59dd6 title=null
INFO  [Test worker][2023-05-01T15:04:53,329] [com.indeed.proctor.webapp.jobs.BackgroundJobManager.submit] - a background job was submitted : id=60 uuid=d8d2c637-e8ba-4232-96d0-f435d1b62521 title=null
INFO  [Test worker][2023-05-01T15:04:53,329] [com.indeed.proctor.webapp.jobs.BackgroundJobManager.submit] - a background job was submitted : id=61 uuid=e1d08601-721d-4d32-8494-55481d798e86 title=null
INFO  [Test worker][2023-05-01T15:04:53,329] [com.indeed.proctor.webapp.jobs.BackgroundJobManager.submit] - a background job was submitted : id=62 uuid=dbb55268-f848-4f27-856a-3d96e3b90340 title=null
INFO  [Test worker][2023-05-01T15:04:53,330] [com.indeed.proctor.webapp.jobs.BackgroundJobManager.submit] - a background job was submitted : id=63 uuid=0aa72f5b-0cc9-4c2b-a763-e6709a4032f2 title=null
INFO  [Test worker][2023-05-01T15:04:53,330] [com.indeed.proctor.webapp.jobs.BackgroundJobManager.submit] - a background job was submitted : id=64 uuid=7760d2ef-b844-4e93-aa31-19de3e2bbef7 title=null
INFO  [Test worker][2023-05-01T15:04:53,330] [com.indeed.proctor.webapp.jobs.BackgroundJobManager.submit] - a background job was submitted : id=65 uuid=c75d4c42-c2c0-4960-bea2-bae2d7d96620 title=null
INFO  [Test worker][2023-05-01T15:04:53,330] [com.indeed.proctor.webapp.jobs.BackgroundJobManager.submit] - a background job was submitted : id=66 uuid=c3da97db-f95e-4c74-a7f8-e67ad1bbcc47 title=null
INFO  [Test worker][2023-05-01T15:04:53,331] [com.indeed.proctor.webapp.jobs.BackgroundJobManager.submit] - a background job was submitted : id=67 uuid=889c6529-a1cd-444b-80b9-95ff59754a35 title=null
INFO  [Test worker][2023-05-01T15:04:53,331] [com.indeed.proctor.webapp.jobs.BackgroundJobManager.submit] - a background job was submitted : id=68 uuid=a35a4140-28f2-47cd-9141-7e48cba46731 title=null
INFO  [Test worker][2023-05-01T15:04:53,331] [com.indeed.proctor.webapp.jobs.BackgroundJobManager.submit] - a background job was submitted : id=69 uuid=22414007-35b8-4048-bf07-8781260878bd title=null
INFO  [Test worker][2023-05-01T15:04:53,332] [com.indeed.proctor.webapp.jobs.BackgroundJobManager.submit] - a background job was submitted : id=70 uuid=49ab570d-e3f8-4d44-add5-a6d8d9b82cf3 title=null
INFO  [Test worker][2023-05-01T15:04:53,332] [com.indeed.proctor.webapp.jobs.BackgroundJobManager.submit] - a background job was submitted : id=71 uuid=4b2f10f4-dc9e-4aca-892e-66b52faa25e8 title=null
INFO  [Test worker][2023-05-01T15:04:53,332] [com.indeed.proctor.webapp.jobs.BackgroundJobManager.submit] - a background job was submitted : id=72 uuid=50f78f2b-54e8-4814-b169-d76e4eebe828 title=null
INFO  [Test worker][2023-05-01T15:04:53,332] [com.indeed.proctor.webapp.jobs.BackgroundJobManager.submit] - a background job was submitted : id=73 uuid=2fcd7325-5194-45cc-913f-5c0778efdd7c title=null
INFO  [Test worker][2023-05-01T15:04:53,333] [com.indeed.proctor.webapp.jobs.BackgroundJobManager.submit] - a background job was submitted : id=74 uuid=4b0c9bda-a554-4589-8588-c10fe9e89550 title=null
INFO  [Test worker][2023-05-01T15:04:53,333] [com.indeed.proctor.webapp.jobs.BackgroundJobManager.submit] - a background job was submitted : id=75 uuid=20d7bd14-3dca-456a-94aa-d37e8195588f title=null
INFO  [Test worker][2023-05-01T15:04:53,333] [com.indeed.proctor.webapp.jobs.BackgroundJobManager.submit] - a background job was submitted : id=76 uuid=dc7b056f-5143-49af-94e7-761d3985f21c title=null
INFO  [Test worker][2023-05-01T15:04:53,333] [com.indeed.proctor.webapp.jobs.BackgroundJobManager.submit] - a background job was submitted : id=77 uuid=e4efa94d-2203-416b-81c1-658164b58643 title=null
INFO  [Test worker][2023-05-01T15:04:53,334] [com.indeed.proctor.webapp.jobs.BackgroundJobManager.submit] - a background job was submitted : id=78 uuid=461b9b8a-eb6b-4a03-ba0c-22da526c7db9 title=null
INFO  [Test worker][2023-05-01T15:04:53,334] [com.indeed.proctor.webapp.jobs.BackgroundJobManager.submit] - a background job was submitted : id=79 uuid=c64333d4-6bb6-4f0b-b371-20f93aac81ad title=null
INFO  [Test worker][2023-05-01T15:04:53,334] [com.indeed.proctor.webapp.jobs.BackgroundJobManager.submit] - a background job was submitted : id=80 uuid=66225122-6982-444d-8e4b-c2d54ab77802 title=null
INFO  [Test worker][2023-05-01T15:04:53,334] [com.indeed.proctor.webapp.jobs.BackgroundJobManager.submit] - a background job was submitted : id=81 uuid=cace1d37-c508-45ef-823e-461a61de319d title=null
INFO  [Test worker][2023-05-01T15:04:53,335] [com.indeed.proctor.webapp.jobs.BackgroundJobManager.submit] - a background job was submitted : id=82 uuid=f2ecce4d-4cea-43e7-9dde-0536f555a28d title=null
INFO  [Test worker][2023-05-01T15:04:53,335] [com.indeed.proctor.webapp.jobs.BackgroundJobManager.submit] - a background job was submitted : id=83 uuid=4d042275-f9de-440a-a5a1-e602d8a1fd6c title=null
INFO  [Test worker][2023-05-01T15:04:53,335] [com.indeed.proctor.webapp.jobs.BackgroundJobManager.submit] - a background job was submitted : id=84 uuid=2b47be5a-2083-4970-af60-90c6a69cd0c8 title=null
INFO  [Test worker][2023-05-01T15:04:53,335] [com.indeed.proctor.webapp.jobs.BackgroundJobManager.submit] - a background job was submitted : id=85 uuid=0769f7f5-1b83-4cda-a6c7-c5870b5688de title=null
INFO  [Test worker][2023-05-01T15:04:53,336] [com.indeed.proctor.webapp.jobs.BackgroundJobManager.submit] - a background job was submitted : id=86 uuid=d63732b1-b21a-4c89-bdaf-4aca4dc00678 title=null
INFO  [Test worker][2023-05-01T15:04:53,336] [com.indeed.proctor.webapp.jobs.BackgroundJobManager.submit] - a background job was submitted : id=87 uuid=6655c830-93fe-47f6-aa80-f97981add581 title=null
INFO  [Test worker][2023-05-01T15:04:53,336] [com.indeed.proctor.webapp.jobs.BackgroundJobManager.submit] - a background job was submitted : id=88 uuid=3cc64718-255f-4847-901f-9804ae6e37f5 title=null
INFO  [Test worker][2023-05-01T15:04:53,336] [com.indeed.proctor.webapp.jobs.BackgroundJobManager.submit] - a background job was submitted : id=89 uuid=8cd9c635-c9b2-4a75-83d1-942df674a8be title=null
INFO  [Test worker][2023-05-01T15:04:53,337] [com.indeed.proctor.webapp.jobs.BackgroundJobManager.submit] - a background job was submitted : id=90 uuid=5fc215fc-77c3-492a-b981-4620750fd132 title=null
INFO  [Test worker][2023-05-01T15:04:53,337] [com.indeed.proctor.webapp.jobs.BackgroundJobManager.submit] - a background job was submitted : id=91 uuid=74112400-32ae-452b-8df1-50eea66edbaa title=null
INFO  [Test worker][2023-05-01T15:04:53,337] [com.indeed.proctor.webapp.jobs.BackgroundJobManager.submit] - a background job was submitted : id=92 uuid=767641de-503b-4cc9-ba6b-bbc81d266077 title=null
INFO  [Test worker][2023-05-01T15:04:53,337] [com.indeed.proctor.webapp.jobs.BackgroundJobManager.submit] - a background job was submitted : id=93 uuid=af3a351e-c698-4846-a46f-421eee853ed6 title=null
INFO  [Test worker][2023-05-01T15:04:53,338] [com.indeed.proctor.webapp.jobs.BackgroundJobManager.submit] - a background job was submitted : id=94 uuid=61cab6f9-8e9b-407b-af2e-82bbdf13048c title=null
INFO  [Test worker][2023-05-01T15:04:53,338] [com.indeed.proctor.webapp.jobs.BackgroundJobManager.submit] - a background job was submitted : id=95 uuid=ae5eb05a-d259-4102-9e1e-3f76b03f92f7 title=null
INFO  [Test worker][2023-05-01T15:04:53,338] [com.indeed.proctor.webapp.jobs.BackgroundJobManager.submit] - a background job was submitted : id=96 uuid=11e9195c-cbe6-4e79-8e88-4af9de7f083e title=null
INFO  [Test worker][2023-05-01T15:04:53,338] [com.indeed.proctor.webapp.jobs.BackgroundJobManager.submit] - a background job was submitted : id=97 uuid=f8f2f94f-1efc-4e71-b812-56cdbbd3676e title=null
INFO  [Test worker][2023-05-01T15:04:53,339] [com.indeed.proctor.webapp.jobs.BackgroundJobManager.submit] - a background job was submitted : id=98 uuid=28ef13ed-d9de-42bf-9968-f2c31fa0ab65 title=null
INFO  [Test worker][2023-05-01T15:04:53,339] [com.indeed.proctor.webapp.jobs.BackgroundJobManager.submit] - a background job was submitted : id=99 uuid=bd2fd7e4-fcab-4f17-9b79-eb0e07256d7f title=null
INFO  [Test worker][2023-05-01T15:04:53,339] [com.indeed.proctor.webapp.jobs.BackgroundJobManager.submit] - a background job was submitted : id=100 uuid=a94fd0ba-9dd8-4139-9d47-6d5eae988953 title=null
INFO  [Test worker][2023-05-01T15:04:53,339] [com.indeed.proctor.webapp.jobs.BackgroundJobManager.submit] - a background job was submitted : id=101 uuid=c5b2cdb4-817f-4ce3-a32f-907f31fdbf4e title=null
INFO  [Test worker][2023-05-01T15:04:53,340] [com.indeed.proctor.webapp.jobs.BackgroundJobManager.submit] - a background job was submitted : id=102 uuid=3dfa4499-5081-48ea-af8d-6a120a492ddb title=null
INFO  [Test worker][2023-05-01T15:04:53,340] [com.indeed.proctor.webapp.jobs.BackgroundJobManager.submit] - a background job was submitted : id=103 uuid=00cd3edd-c75d-4766-ba3d-60624efc8d67 title=null
INFO  [Test worker][2023-05-01T15:04:53,340] [com.indeed.proctor.webapp.jobs.BackgroundJobManager.submit] - a background job was submitted : id=104 uuid=d8055d92-f6c3-4da1-8324-591419ed3951 title=null
INFO  [Test worker][2023-05-01T15:04:53,341] [com.indeed.proctor.webapp.jobs.BackgroundJobManager.submit] - a background job was submitted : id=105 uuid=16c4ef48-af03-4866-a393-98bdbb25958b title=null
INFO  [Test worker][2023-05-01T15:04:53,341] [com.indeed.proctor.webapp.jobs.BackgroundJobManager.submit] - a background job was submitted : id=106 uuid=376a2279-e293-4e5c-bed7-e78498afcd14 title=null
INFO  [Test worker][2023-05-01T15:04:53,341] [com.indeed.proctor.webapp.jobs.BackgroundJobManager.submit] - a background job was submitted : id=107 uuid=bb0e4544-054f-4139-a6bb-c73b4548ef39 title=null
INFO  [Test worker][2023-05-01T15:04:53,341] [com.indeed.proctor.webapp.jobs.BackgroundJobManager.submit] - a background job was submitted : id=108 uuid=97443c6d-33b9-46cc-b016-efebf785f0e6 title=null
INFO  [Test worker][2023-05-01T15:04:53,342] [com.indeed.proctor.webapp.jobs.BackgroundJobManager.submit] - a background job was submitted : id=109 uuid=2da56c63-58b5-47b2-b043-5b0d17456ca6 title=null
INFO  [Test worker][2023-05-01T15:04:53,342] [com.indeed.proctor.webapp.jobs.BackgroundJobManager.submit] - a background job was submitted : id=110 uuid=ae068492-e8d5-403e-b0bd-ac066fde67c5 title=null
INFO  [Test worker][2023-05-01T15:04:53,342] [com.indeed.proctor.webapp.jobs.BackgroundJobManager.submit] - a background job was submitted : id=111 uuid=b5821f16-281e-417a-9f60-d551eab8da2d title=null
INFO  [Test worker][2023-05-01T15:04:53,342] [com.indeed.proctor.webapp.jobs.BackgroundJobManager.submit] - a background job was submitted : id=112 uuid=4cd9ff66-5bec-427b-bd0a-ac52050e9501 title=null
INFO  [Test worker][2023-05-01T15:04:53,343] [com.indeed.proctor.webapp.jobs.BackgroundJobManager.submit] - a background job was submitted : id=113 uuid=5ce7ad21-e075-4a18-aad7-ce236b8020bc title=null
INFO  [Test worker][2023-05-01T15:04:53,343] [com.indeed.proctor.webapp.jobs.BackgroundJobManager.submit] - a background job was submitted : id=114 uuid=d9a853fb-c7f6-41a6-9d33-f1e01cee8706 title=null
INFO  [Test worker][2023-05-01T15:04:53,343] [com.indeed.proctor.webapp.jobs.BackgroundJobManager.submit] - a background job was submitted : id=115 uuid=a590b9a1-534b-4195-8cb6-ad2a3aa0f484 title=null
INFO  [Test worker][2023-05-01T15:04:53,343] [com.indeed.proctor.webapp.jobs.BackgroundJobManager.submit] - a background job was submitted : id=116 uuid=0f262eb8-8107-4109-9ea2-c871283082ea title=null
INFO  [Test worker][2023-05-01T15:04:53,344] [com.indeed.proctor.webapp.jobs.BackgroundJobManager.submit] - a background job was submitted : id=117 uuid=d087a783-8c85-40bb-a721-2497a7d23fdb title=null
INFO  [Test worker][2023-05-01T15:04:53,344] [com.indeed.proctor.webapp.jobs.BackgroundJobManager.submit] - a background job was submitted : id=118 uuid=88f946de-3321-49b3-b1e1-db0ec2b83468 title=null
INFO  [Test worker][2023-05-01T15:04:53,344] [com.indeed.proctor.webapp.jobs.BackgroundJobManager.submit] - a background job was submitted : id=119 uuid=61807bf6-ea5e-4fea-b2e3-0ff7de62f95f title=null
INFO  [Test worker][2023-05-01T15:04:53,344] [com.indeed.proctor.webapp.jobs.BackgroundJobManager.submit] - a background job was submitted : id=120 uuid=f4abec7d-79f7-4b82-924a-a2ffcc15ebe4 title=null
INFO  [Test worker][2023-05-01T15:04:53,345] [com.indeed.proctor.webapp.jobs.BackgroundJobManager.submit] - a background job was submitted : id=121 uuid=8c63b9fb-2d5f-4252-a9de-16dee3057f4f title=null
INFO  [Test worker][2023-05-01T15:04:53,345] [com.indeed.proctor.webapp.jobs.BackgroundJobManager.submit] - a background job was submitted : id=122 uuid=58523256-c9de-44f5-97bf-66c73656b7e6 title=null
INFO  [Test worker][2023-05-01T15:04:53,345] [com.indeed.proctor.webapp.jobs.BackgroundJobManager.submit] - a background job was submitted : id=123 uuid=cf0e8a07-99e4-4f8e-9bf2-ed5fc0ace456 title=null
INFO  [Test worker][2023-05-01T15:04:53,345] [com.indeed.proctor.webapp.jobs.BackgroundJobManager.submit] - a background job was submitted : id=124 uuid=bbffccd9-f22f-42a4-af68-4966649d4dbd title=null
INFO  [Test worker][2023-05-01T15:04:53,346] [com.indeed.proctor.webapp.jobs.BackgroundJobManager.submit] - a background job was submitted : id=125 uuid=617844ef-62e1-4056-961e-4378eb59e7fb title=null
INFO  [Test worker][2023-05-01T15:04:53,346] [com.indeed.proctor.webapp.jobs.BackgroundJobManager.submit] - a background job was submitted : id=126 uuid=8decaa02-c206-488e-bfdc-35c3fca7145e title=null
INFO  [Test worker][2023-05-01T15:04:53,346] [com.indeed.proctor.webapp.jobs.BackgroundJobManager.submit] - a background job was submitted : id=127 uuid=f70cc9e5-eea9-431e-a47a-db9d25040921 title=null
INFO  [Test worker][2023-05-01T15:04:53,346] [com.indeed.proctor.webapp.jobs.BackgroundJobManager.submit] - a background job was submitted : id=128 uuid=b83d42d4-9d5f-41ec-84d8-a6c2754a87ac title=null
INFO  [Test worker][2023-05-01T15:04:53,347] [com.indeed.proctor.webapp.jobs.BackgroundJobManager.submit] - a background job was submitted : id=129 uuid=780a43c0-9bdd-4266-99d2-6caf794618e7 title=null
INFO  [Test worker][2023-05-01T15:04:53,347] [com.indeed.proctor.webapp.jobs.BackgroundJobManager.submit] - a background job was submitted : id=130 uuid=c4c659ec-6adb-48c2-a5ab-216f26f7b647 title=null
INFO  [Test worker][2023-05-01T15:04:53,347] [com.indeed.proctor.webapp.jobs.BackgroundJobManager.submit] - a background job was submitted : id=131 uuid=47909414-b251-4d10-82dd-4b660b793802 title=null
INFO  [Test worker][2023-05-01T15:04:53,347] [com.indeed.proctor.webapp.jobs.BackgroundJobManager.submit] - a background job was submitted : id=132 uuid=9ba43bbb-9b1c-4fa4-9e5b-851953b3fec3 title=null
INFO  [Test worker][2023-05-01T15:04:53,348] [com.indeed.proctor.webapp.jobs.BackgroundJobManager.submit] - a background job was submitted : id=133 uuid=23376d78-7c0c-4c3a-bd46-0e5d6f66bbd0 title=null
INFO  [Test worker][2023-05-01T15:04:53,348] [com.indeed.proctor.webapp.jobs.BackgroundJobManager.submit] - a background job was submitted : id=134 uuid=468c4b49-4643-4e4a-9ecb-20181e917388 title=null
INFO  [Test worker][2023-05-01T15:04:53,348] [com.indeed.proctor.webapp.jobs.BackgroundJobManager.submit] - a background job was submitted : id=135 uuid=96bf7f05-87e2-4543-ba25-2630eadd4eb4 title=null
INFO  [Test worker][2023-05-01T15:04:53,348] [com.indeed.proctor.webapp.jobs.BackgroundJobManager.submit] - a background job was submitted : id=136 uuid=5d4d84ba-e235-49af-9a45-51c8fcf27b8e title=null
INFO  [Test worker][2023-05-01T15:04:53,348] [com.indeed.proctor.webapp.jobs.BackgroundJobManager.submit] - a background job was submitted : id=137 uuid=14fe0f05-f966-4dda-8001-dfe9be68da9e title=null
INFO  [Test worker][2023-05-01T15:04:53,349] [com.indeed.proctor.webapp.jobs.BackgroundJobManager.submit] - a background job was submitted : id=138 uuid=c3f00821-d70f-4998-915a-b9b9d1c2f954 title=null
INFO  [Test worker][2023-05-01T15:04:53,349] [com.indeed.proctor.webapp.jobs.BackgroundJobManager.submit] - a background job was submitted : id=139 uuid=f7908cce-8fa4-4c02-899a-d089b077d2c1 title=null
INFO  [Test worker][2023-05-01T15:04:53,349] [com.indeed.proctor.webapp.jobs.BackgroundJobManager.submit] - a background job was submitted : id=140 uuid=41980478-2ca3-4d8e-8068-29ba0d39b5e5 title=null
INFO  [Test worker][2023-05-01T15:04:53,350] [com.indeed.proctor.webapp.jobs.BackgroundJobManager.submit] - a background job was submitted : id=141 uuid=b9c3f03b-937b-4e1f-a777-de4599a29af1 title=null
INFO  [Test worker][2023-05-01T15:04:53,350] [com.indeed.proctor.webapp.jobs.BackgroundJobManager.submit] - a background job was submitted : id=142 uuid=c350f7c6-91dc-4ca8-ba9e-5dc1abe81db3 title=null
INFO  [Test worker][2023-05-01T15:04:53,350] [com.indeed.proctor.webapp.jobs.BackgroundJobManager.submit] - a background job was submitted : id=143 uuid=cfa24e90-ac3a-4d62-938c-2806ca31cbf7 title=null
INFO  [Test worker][2023-05-01T15:04:53,350] [com.indeed.proctor.webapp.jobs.BackgroundJobManager.submit] - a background job was submitted : id=144 uuid=b7a99232-3025-4f5d-9a92-80f9fa8c5a7e title=null
INFO  [Test worker][2023-05-01T15:04:53,351] [com.indeed.proctor.webapp.jobs.BackgroundJobManager.submit] - a background job was submitted : id=145 uuid=29b9bc62-f45c-4470-8e0d-09275d3fcf7a title=null
INFO  [Test worker][2023-05-01T15:04:53,351] [com.indeed.proctor.webapp.jobs.BackgroundJobManager.submit] - a background job was submitted : id=146 uuid=85e6ed3b-1900-49d7-a9f9-82747ebc7e15 title=null
INFO  [Test worker][2023-05-01T15:04:53,351] [com.indeed.proctor.webapp.jobs.BackgroundJobManager.submit] - a background job was submitted : id=147 uuid=19fbd650-9f08-4743-877a-7ea9325cf484 title=null
INFO  [Test worker][2023-05-01T15:04:53,351] [com.indeed.proctor.webapp.jobs.BackgroundJobManager.submit] - a background job was submitted : id=148 uuid=6fc1f3aa-0f97-4694-bf0f-40f4af9ce62a title=null
INFO  [Test worker][2023-05-01T15:04:53,352] [com.indeed.proctor.webapp.jobs.BackgroundJobManager.submit] - a background job was submitted : id=149 uuid=acdbca06-c52b-46f8-bf2d-82042f60c4a0 title=null
INFO  [Test worker][2023-05-01T15:04:53,352] [com.indeed.proctor.webapp.jobs.BackgroundJobManager.submit] - a background job was submitted : id=150 uuid=cfe027ad-2e8c-4bb9-a289-8161b1ba42ee title=null
INFO  [Test worker][2023-05-01T15:04:53,352] [com.indeed.proctor.webapp.jobs.BackgroundJobManager.submit] - a background job was submitted : id=151 uuid=afce9a43-8b34-423b-866f-06af28a92bbe title=null
INFO  [Test worker][2023-05-01T15:04:53,352] [com.indeed.proctor.webapp.jobs.BackgroundJobManager.submit] - a background job was submitted : id=152 uuid=ce2335e1-8bf2-42af-9346-fefc45509e9a title=null
INFO  [Test worker][2023-05-01T15:04:53,352] [com.indeed.proctor.webapp.jobs.BackgroundJobManager.submit] - a background job was submitted : id=153 uuid=d7fda110-d498-4dbc-a6a0-a48e6f98a363 title=null
INFO  [Test worker][2023-05-01T15:04:53,353] [com.indeed.proctor.webapp.jobs.BackgroundJobManager.submit] - a background job was submitted : id=154 uuid=0144347b-872f-444b-b5a5-09e780c30614 title=null
INFO  [Test worker][2023-05-01T15:04:53,353] [com.indeed.proctor.webapp.jobs.BackgroundJobManager.submit] - a background job was submitted : id=155 uuid=32fe8561-acbb-4de7-81e8-d5be155ebe8e title=null
INFO  [Test worker][2023-05-01T15:04:53,353] [com.indeed.proctor.webapp.jobs.BackgroundJobManager.submit] - a background job was submitted : id=156 uuid=15885d6e-f0be-42a4-999d-e19f8b2c349a title=null
INFO  [Test worker][2023-05-01T15:04:53,353] [com.indeed.proctor.webapp.jobs.BackgroundJobManager.submit] - a background job was submitted : id=157 uuid=5da2b879-8599-4f2d-bb5c-d300392760b1 title=null
INFO  [Test worker][2023-05-01T15:04:53,354] [com.indeed.proctor.webapp.jobs.BackgroundJobManager.submit] - a background job was submitted : id=158 uuid=c61a2b8b-2f88-4586-9925-b0875001d8c7 title=null
INFO  [Test worker][2023-05-01T15:04:53,354] [com.indeed.proctor.webapp.jobs.BackgroundJobManager.submit] - a background job was submitted : id=159 uuid=4949ef1f-6ba4-4de3-a273-e3fe74791320 title=null
INFO  [Test worker][2023-05-01T15:04:53,354] [com.indeed.proctor.webapp.jobs.BackgroundJobManager.submit] - a background job was submitted : id=160 uuid=f4d9ef23-92a6-4bde-89e5-8ee06c3e7ce6 title=null
INFO  [Test worker][2023-05-01T15:04:53,354] [com.indeed.proctor.webapp.jobs.BackgroundJobManager.submit] - a background job was submitted : id=161 uuid=69fd0c53-97fa-4945-8590-79c354c35ae5 title=null
INFO  [Test worker][2023-05-01T15:04:53,355] [com.indeed.proctor.webapp.jobs.BackgroundJobManager.submit] - a background job was submitted : id=162 uuid=1dbfc32e-a854-48b8-b715-e0f0280ab510 title=null
INFO  [Test worker][2023-05-01T15:04:53,355] [com.indeed.proctor.webapp.jobs.BackgroundJobManager.submit] - a background job was submitted : id=163 uuid=ae1c2c52-83dc-4e18-959b-3d7ef3e2d112 title=null
INFO  [Test worker][2023-05-01T15:04:53,355] [com.indeed.proctor.webapp.jobs.BackgroundJobManager.submit] - a background job was submitted : id=164 uuid=32923bf1-7fdd-424d-9cdf-89dd435ce23a title=null
INFO  [Test worker][2023-05-01T15:04:53,355] [com.indeed.proctor.webapp.jobs.BackgroundJobManager.submit] - a background job was submitted : id=165 uuid=9de6070e-f798-43a8-b773-eeaf0890a750 title=null
INFO  [Test worker][2023-05-01T15:04:53,355] [com.indeed.proctor.webapp.jobs.BackgroundJobManager.submit] - a background job was submitted : id=166 uuid=e7b86241-8244-42da-b4f3-8391f77860ea title=null
INFO  [Test worker][2023-05-01T15:04:53,356] [com.indeed.proctor.webapp.jobs.BackgroundJobManager.submit] - a background job was submitted : id=167 uuid=a28411c3-2b9b-4b01-83e9-d9fb5ca57c51 title=null
INFO  [Test worker][2023-05-01T15:04:53,356] [com.indeed.proctor.webapp.jobs.BackgroundJobManager.submit] - a background job was submitted : id=168 uuid=16f7062a-f00c-422d-b33e-21dd73ead6fc title=null
INFO  [Test worker][2023-05-01T15:04:53,356] [com.indeed.proctor.webapp.jobs.BackgroundJobManager.submit] - a background job was submitted : id=169 uuid=d7ce119e-dcd9-4169-be55-34955581c7c2 title=null
INFO  [Test worker][2023-05-01T15:04:53,357] [com.indeed.proctor.webapp.jobs.BackgroundJobManager.submit] - a background job was submitted : id=170 uuid=f133ad76-b412-4ef3-965c-e1f7cefcbcc0 title=null
INFO  [Test worker][2023-05-01T15:04:53,357] [com.indeed.proctor.webapp.jobs.BackgroundJobManager.submit] - a background job was submitted : id=171 uuid=692fccff-e985-4783-85e4-ecb9481c4f9a title=null
INFO  [Test worker][2023-05-01T15:04:53,357] [com.indeed.proctor.webapp.jobs.BackgroundJobManager.submit] - a background job was submitted : id=172 uuid=46dea632-fe12-4184-9e7e-db33b74828fe title=null
INFO  [Test worker][2023-05-01T15:04:53,357] [com.indeed.proctor.webapp.jobs.BackgroundJobManager.submit] - a background job was submitted : id=173 uuid=ea6e3b27-0ce1-4258-a163-0065e042633e title=null
INFO  [Test worker][2023-05-01T15:04:53,358] [com.indeed.proctor.webapp.jobs.BackgroundJobManager.submit] - a background job was submitted : id=174 uuid=4e991e4a-52bf-43df-ad89-003fc04777ce title=null
INFO  [Test worker][2023-05-01T15:04:53,358] [com.indeed.proctor.webapp.jobs.BackgroundJobManager.submit] - a background job was submitted : id=175 uuid=07c365e1-4825-4396-926c-90d88d93c4b9 title=null
INFO  [Test worker][2023-05-01T15:04:53,358] [com.indeed.proctor.webapp.jobs.BackgroundJobManager.submit] - a background job was submitted : id=176 uuid=76d79f30-2dac-4587-b4d5-c313ae2763c4 title=null
INFO  [Test worker][2023-05-01T15:04:53,358] [com.indeed.proctor.webapp.jobs.BackgroundJobManager.submit] - a background job was submitted : id=177 uuid=34d49b94-de22-4f27-a6b0-f10e495c97cb title=null
INFO  [Test worker][2023-05-01T15:04:53,359] [com.indeed.proctor.webapp.jobs.BackgroundJobManager.submit] - a background job was submitted : id=178 uuid=943433e7-eed0-48ed-bedb-94ab123f630a title=null
INFO  [Test worker][2023-05-01T15:04:53,359] [com.indeed.proctor.webapp.jobs.BackgroundJobManager.submit] - a background job was submitted : id=179 uuid=3abc5a98-e857-4930-91f6-18dcea9fcc66 title=null
INFO  [Test worker][2023-05-01T15:04:53,359] [com.indeed.proctor.webapp.jobs.BackgroundJobManager.submit] - a background job was submitted : id=180 uuid=caae16fc-4302-4754-bbef-e214181751c2 title=null
INFO  [Test worker][2023-05-01T15:04:53,359] [com.indeed.proctor.webapp.jobs.BackgroundJobManager.submit] - a background job was submitted : id=181 uuid=6b197501-8058-4ac6-8373-d984f015a19b title=null
INFO  [Test worker][2023-05-01T15:04:53,359] [com.indeed.proctor.webapp.jobs.BackgroundJobManager.submit] - a background job was submitted : id=182 uuid=ccce33ec-bccb-4345-a5a2-06e2f4563cae title=null
INFO  [Test worker][2023-05-01T15:04:53,360] [com.indeed.proctor.webapp.jobs.BackgroundJobManager.submit] - a background job was submitted : id=183 uuid=6b519fd8-4363-460c-b64f-d2ad33545fff title=null
INFO  [Test worker][2023-05-01T15:04:53,360] [com.indeed.proctor.webapp.jobs.BackgroundJobManager.submit] - a background job was submitted : id=184 uuid=0b57be81-e5ff-4265-90e1-24c8e63124d6 title=null
INFO  [Test worker][2023-05-01T15:04:53,360] [com.indeed.proctor.webapp.jobs.BackgroundJobManager.submit] - a background job was submitted : id=185 uuid=5b991500-cafd-49a8-b8e2-49e6c0e1163a title=null
INFO  [Test worker][2023-05-01T15:04:53,360] [com.indeed.proctor.webapp.jobs.BackgroundJobManager.submit] - a background job was submitted : id=186 uuid=fd3408a3-f2fa-4e08-b1d0-9d9ba65c2348 title=null
INFO  [Test worker][2023-05-01T15:04:53,361] [com.indeed.proctor.webapp.jobs.BackgroundJobManager.submit] - a background job was submitted : id=187 uuid=d070da52-6748-4244-a2a9-99b90fa3b5bf title=null
INFO  [Test worker][2023-05-01T15:04:53,361] [com.indeed.proctor.webapp.jobs.BackgroundJobManager.submit] - a background job was submitted : id=188 uuid=9d1f3968-8f2f-431f-acf1-e6bd538651a7 title=null
INFO  [Test worker][2023-05-01T15:04:53,361] [com.indeed.proctor.webapp.jobs.BackgroundJobManager.submit] - a background job was submitted : id=189 uuid=bb344b5a-04c0-48fc-a646-87682b7079a7 title=null
INFO  [Test worker][2023-05-01T15:04:53,361] [com.indeed.proctor.webapp.jobs.BackgroundJobManager.submit] - a background job was submitted : id=190 uuid=aa1e42ca-22da-4d8b-a584-c123f257ceac title=null
INFO  [Test worker][2023-05-01T15:04:53,361] [com.indeed.proctor.webapp.jobs.BackgroundJobManager.submit] - a background job was submitted : id=191 uuid=f2867a9f-48da-4031-a929-2488dabefe47 title=null
INFO  [Test worker][2023-05-01T15:04:53,362] [com.indeed.proctor.webapp.jobs.BackgroundJobManager.submit] - a background job was submitted : id=192 uuid=d2705f3d-9129-494b-87e3-7644aafcbda8 title=null
INFO  [Test worker][2023-05-01T15:04:53,362] [com.indeed.proctor.webapp.jobs.BackgroundJobManager.submit] - a background job was submitted : id=193 uuid=b4a53952-f735-41a1-acf2-9b2a051a59d9 title=null
INFO  [Test worker][2023-05-01T15:04:53,362] [com.indeed.proctor.webapp.jobs.BackgroundJobManager.submit] - a background job was submitted : id=194 uuid=67375508-eebf-428e-876e-4cdaa90f270b title=null
INFO  [Test worker][2023-05-01T15:04:53,362] [com.indeed.proctor.webapp.jobs.BackgroundJobManager.submit] - a background job was submitted : id=195 uuid=6a574c72-c3a3-451c-b3dd-67b9f089d414 title=null
INFO  [Test worker][2023-05-01T15:04:53,363] [com.indeed.proctor.webapp.jobs.BackgroundJobManager.submit] - a background job was submitted : id=196 uuid=babb0154-23c3-4554-a1b1-dd79c57444a9 title=null
INFO  [Test worker][2023-05-01T15:04:53,363] [com.indeed.proctor.webapp.jobs.BackgroundJobManager.submit] - a background job was submitted : id=197 uuid=6e77e105-838f-450e-ba74-6c4646bfdd80 title=null
INFO  [Test worker][2023-05-01T15:04:53,363] [com.indeed.proctor.webapp.jobs.BackgroundJobManager.submit] - a background job was submitted : id=198 uuid=da0f6b83-ece6-4121-8650-c1d5cd57e06f title=null
INFO  [Test worker][2023-05-01T15:04:53,363] [com.indeed.proctor.webapp.jobs.BackgroundJobManager.submit] - a background job was submitted : id=199 uuid=4c6ad445-2243-44b5-9ab2-759e50b04b12 title=null
INFO  [Test worker][2023-05-01T15:04:53,363] [com.indeed.proctor.webapp.jobs.BackgroundJobManager.submit] - a background job was submitted : id=200 uuid=69fc4f9b-8608-47d7-968d-e1f426fdda5c title=null
INFO  [Test worker][2023-05-01T15:04:53,364] [com.indeed.proctor.webapp.jobs.BackgroundJobManager.submit] - a background job was submitted : id=201 uuid=fb7e9dd8-f5a4-4739-b76b-dc00a44c189d title=null
INFO  [Test worker][2023-05-01T15:04:53,364] [com.indeed.proctor.webapp.jobs.BackgroundJobManager.submit] - a background job was submitted : id=202 uuid=10ba5a4a-bbbe-4601-9018-a7f2876dca57 title=null
INFO  [Test worker][2023-05-01T15:04:53,364] [com.indeed.proctor.webapp.jobs.BackgroundJobManager.submit] - a background job was submitted : id=203 uuid=0c36135e-ff02-4f54-aa1d-885d7ddb47bc title=null
INFO  [Test worker][2023-05-01T15:04:53,364] [com.indeed.proctor.webapp.jobs.BackgroundJobManager.submit] - a background job was submitted : id=204 uuid=94e5c2c6-f0f0-4a89-8175-bb2f0bfc2cf9 title=null
INFO  [Test worker][2023-05-01T15:04:53,364] [com.indeed.proctor.webapp.jobs.BackgroundJobManager.submit] - a background job was submitted : id=205 uuid=d1d309d6-3cc9-466d-850c-f6aaac1e0f14 title=null
INFO  [Test worker][2023-05-01T15:04:53,365] [com.indeed.proctor.webapp.jobs.BackgroundJobManager.submit] - a background job was submitted : id=206 uuid=2b173e68-2d7a-41ad-b297-c917fa3fcde2 title=null
INFO  [Test worker][2023-05-01T15:04:53,365] [com.indeed.proctor.webapp.jobs.BackgroundJobManager.submit] - a background job was submitted : id=207 uuid=209062b2-8224-4de4-973f-2134c34295ef title=null
INFO  [Test worker][2023-05-01T15:04:53,365] [com.indeed.proctor.webapp.jobs.BackgroundJobManager.submit] - a background job was submitted : id=208 uuid=d55b7683-3cb6-43e6-8f19-c795dd08ede3 title=null
INFO  [Test worker][2023-05-01T15:04:53,365] [com.indeed.proctor.webapp.jobs.BackgroundJobManager.submit] - a background job was submitted : id=209 uuid=58d42510-b02e-44dd-b29c-f5fe55c3ac70 title=null
INFO  [Test worker][2023-05-01T15:04:53,366] [com.indeed.proctor.webapp.jobs.BackgroundJobManager.submit] - a background job was submitted : id=210 uuid=b2eb6e15-fde6-4a74-8d87-c75b005084eb title=null
INFO  [Test worker][2023-05-01T15:04:53,366] [com.indeed.proctor.webapp.jobs.BackgroundJobManager.submit] - a background job was submitted : id=211 uuid=905d2b23-010d-4bb6-8ab7-f95b3d473737 title=null
INFO  [Test worker][2023-05-01T15:04:53,366] [com.indeed.proctor.webapp.jobs.BackgroundJobManager.submit] - a background job was submitted : id=212 uuid=8d2f18d5-cfd9-4eff-ba58-35c9ef321660 title=null
INFO  [Test worker][2023-05-01T15:04:53,366] [com.indeed.proctor.webapp.jobs.BackgroundJobManager.submit] - a background job was submitted : id=213 uuid=6df9f379-e345-43e3-b65e-468068dcf6ba title=null
INFO  [Test worker][2023-05-01T15:04:53,366] [com.indeed.proctor.webapp.jobs.BackgroundJobManager.submit] - a background job was submitted : id=214 uuid=494bdb57-ea8f-4c23-a727-ae34b55ec7dd title=null
INFO  [Test worker][2023-05-01T15:04:53,367] [com.indeed.proctor.webapp.jobs.BackgroundJobManager.submit] - a background job was submitted : id=215 uuid=09b40fbb-6a49-4478-a767-dd2d7653f9f5 title=null
INFO  [Test worker][2023-05-01T15:04:53,367] [com.indeed.proctor.webapp.jobs.BackgroundJobManager.submit] - a background job was submitted : id=216 uuid=0d54b5a9-fb2d-4802-833c-2fe661cce9bb title=null
INFO  [Test worker][2023-05-01T15:04:53,367] [com.indeed.proctor.webapp.jobs.BackgroundJobManager.submit] - a background job was submitted : id=217 uuid=f9df33dd-75ef-4a5a-a140-48dc899ca122 title=null
INFO  [Test worker][2023-05-01T15:04:53,367] [com.indeed.proctor.webapp.jobs.BackgroundJobManager.submit] - a background job was submitted : id=218 uuid=6a156762-6f53-4773-84ed-633e9aee02b6 title=null
INFO  [Test worker][2023-05-01T15:04:53,367] [com.indeed.proctor.webapp.jobs.BackgroundJobManager.submit] - a background job was submitted : id=219 uuid=e6c96507-cde5-4974-89c7-08fd649ca4d2 title=null
INFO  [Test worker][2023-05-01T15:04:53,368] [com.indeed.proctor.webapp.jobs.BackgroundJobManager.submit] - a background job was submitted : id=220 uuid=0fba536c-b634-4d55-9a1a-7eb8561f5e70 title=null
INFO  [Test worker][2023-05-01T15:04:53,368] [com.indeed.proctor.webapp.jobs.BackgroundJobManager.submit] - a background job was submitted : id=221 uuid=6e39edcd-50df-4dda-9a8d-70cef9652da9 title=null
INFO  [Test worker][2023-05-01T15:04:53,368] [com.indeed.proctor.webapp.jobs.BackgroundJobManager.submit] - a background job was submitted : id=222 uuid=a5fd4b82-3f64-4369-976a-5549b96e8158 title=null
INFO  [Test worker][2023-05-01T15:04:53,368] [com.indeed.proctor.webapp.jobs.BackgroundJobManager.submit] - a background job was submitted : id=223 uuid=4b5438ca-295a-460b-b1f5-21cd5ab5b310 title=null
INFO  [Test worker][2023-05-01T15:04:53,369] [com.indeed.proctor.webapp.jobs.BackgroundJobManager.submit] - a background job was submitted : id=224 uuid=ca22e6c4-a04e-413e-b528-bab46480a291 title=null
INFO  [Test worker][2023-05-01T15:04:53,369] [com.indeed.proctor.webapp.jobs.BackgroundJobManager.submit] - a background job was submitted : id=225 uuid=d0e3da89-40ce-4655-85cb-a7a53cee6628 title=null
INFO  [Test worker][2023-05-01T15:04:53,369] [com.indeed.proctor.webapp.jobs.BackgroundJobManager.submit] - a background job was submitted : id=226 uuid=4c58b553-f552-4c8f-aea7-023ff84290e0 title=null
INFO  [Test worker][2023-05-01T15:04:53,369] [com.indeed.proctor.webapp.jobs.BackgroundJobManager.submit] - a background job was submitted : id=227 uuid=1674db77-c9bf-4d0e-8f29-66d59380de2b title=null
INFO  [Test worker][2023-05-01T15:04:53,370] [com.indeed.proctor.webapp.jobs.BackgroundJobManager.submit] - a background job was submitted : id=228 uuid=16adcbf6-769f-4489-9e62-8fa4812e8496 title=null
INFO  [Test worker][2023-05-01T15:04:53,370] [com.indeed.proctor.webapp.jobs.BackgroundJobManager.submit] - a background job was submitted : id=229 uuid=2aadc973-1cb2-4b23-ba24-6017a5c562e2 title=null
INFO  [Test worker][2023-05-01T15:04:53,370] [com.indeed.proctor.webapp.jobs.BackgroundJobManager.submit] - a background job was submitted : id=230 uuid=6fdba1ba-b43e-40a4-870a-e651ff352b6c title=null
INFO  [Test worker][2023-05-01T15:04:53,370] [com.indeed.proctor.webapp.jobs.BackgroundJobManager.submit] - a background job was submitted : id=231 uuid=b5322064-8058-44ee-addd-27e40f8066fc title=null
INFO  [Test worker][2023-05-01T15:04:53,371] [com.indeed.proctor.webapp.jobs.BackgroundJobManager.submit] - a background job was submitted : id=232 uuid=5bed3201-ca8e-43dd-b764-3908cef0b7df title=null
INFO  [Test worker][2023-05-01T15:04:53,371] [com.indeed.proctor.webapp.jobs.BackgroundJobManager.submit] - a background job was submitted : id=233 uuid=d2340be6-db89-4622-9013-693838b50f67 title=null
INFO  [Test worker][2023-05-01T15:04:53,371] [com.indeed.proctor.webapp.jobs.BackgroundJobManager.submit] - a background job was submitted : id=234 uuid=664c668b-5b63-427f-aae2-b573665985d7 title=null
INFO  [Test worker][2023-05-01T15:04:53,372] [com.indeed.proctor.webapp.jobs.BackgroundJobManager.submit] - a background job was submitted : id=235 uuid=868c4357-0a54-4bb8-a149-a981392ebdaf title=null
INFO  [Test worker][2023-05-01T15:04:53,372] [com.indeed.proctor.webapp.jobs.BackgroundJobManager.submit] - a background job was submitted : id=236 uuid=efa37083-6d9e-491e-beb4-c1c4c3f9af20 title=null
INFO  [Test worker][2023-05-01T15:04:53,372] [com.indeed.proctor.webapp.jobs.BackgroundJobManager.submit] - a background job was submitted : id=237 uuid=34c5f1cf-618c-4d6b-ad74-b041c58d533c title=null
INFO  [Test worker][2023-05-01T15:04:53,372] [com.indeed.proctor.webapp.jobs.BackgroundJobManager.submit] - a background job was submitted : id=238 uuid=ad64bdab-a1c5-4d43-897e-e988845b6a91 title=null
INFO  [Test worker][2023-05-01T15:04:53,373] [com.indeed.proctor.webapp.jobs.BackgroundJobManager.submit] - a background job was submitted : id=239 uuid=c2e8bdc0-0d2a-4207-a264-fd89ac54a048 title=null
INFO  [Test worker][2023-05-01T15:04:53,373] [com.indeed.proctor.webapp.jobs.BackgroundJobManager.submit] - a background job was submitted : id=240 uuid=30d733b7-f5c8-45ef-8d5b-357585dc5348 title=null
INFO  [Test worker][2023-05-01T15:04:53,373] [com.indeed.proctor.webapp.jobs.BackgroundJobManager.submit] - a background job was submitted : id=241 uuid=d38df267-a034-4ea2-8977-69e4e5126409 title=null
INFO  [Test worker][2023-05-01T15:04:53,373] [com.indeed.proctor.webapp.jobs.BackgroundJobManager.submit] - a background job was submitted : id=242 uuid=44f6b09d-8c1a-4b3e-a078-ff9440af1ac5 title=null
INFO  [Test worker][2023-05-01T15:04:53,374] [com.indeed.proctor.webapp.jobs.BackgroundJobManager.submit] - a background job was submitted : id=243 uuid=5f6563ea-a348-4975-83b6-078fdb483875 title=null
INFO  [Test worker][2023-05-01T15:04:53,374] [com.indeed.proctor.webapp.jobs.BackgroundJobManager.submit] - a background job was submitted : id=244 uuid=46feb4ad-86a6-4eed-bc4c-fb3089b84f4d title=null
INFO  [Test worker][2023-05-01T15:04:53,374] [com.indeed.proctor.webapp.jobs.BackgroundJobManager.submit] - a background job was submitted : id=245 uuid=aace43b2-52a2-4723-a1f7-fc102d937eb4 title=null
INFO  [Test worker][2023-05-01T15:04:53,374] [com.indeed.proctor.webapp.jobs.BackgroundJobManager.submit] - a background job was submitted : id=246 uuid=f80d9ec0-418d-4712-b260-5590418294e0 title=null
INFO  [Test worker][2023-05-01T15:04:53,374] [com.indeed.proctor.webapp.jobs.BackgroundJobManager.submit] - a background job was submitted : id=247 uuid=181b9a01-b91e-49cc-947d-cc2f40065663 title=null
INFO  [Test worker][2023-05-01T15:04:53,375] [com.indeed.proctor.webapp.jobs.BackgroundJobManager.submit] - a background job was submitted : id=248 uuid=6443f567-4e1d-4f18-b762-3d71e57b1513 title=null
INFO  [Test worker][2023-05-01T15:04:53,375] [com.indeed.proctor.webapp.jobs.BackgroundJobManager.submit] - a background job was submitted : id=249 uuid=a8bf20b0-b53d-4220-b49b-a40fdfb5237f title=null
INFO  [Test worker][2023-05-01T15:04:53,375] [com.indeed.proctor.webapp.jobs.BackgroundJobManager.submit] - a background job was submitted : id=250 uuid=7fd28c66-81c9-411d-9af7-167b6adcc77f title=null
INFO  [Test worker][2023-05-01T15:04:53,375] [com.indeed.proctor.webapp.jobs.BackgroundJobManager.submit] - a background job was submitted : id=251 uuid=87286383-4572-4598-8f41-c2f334a47d4f title=null
INFO  [Test worker][2023-05-01T15:04:53,375] [com.indeed.proctor.webapp.jobs.BackgroundJobManager.submit] - a background job was submitted : id=252 uuid=bae2420a-b09a-4a73-adb0-00bb737b11e3 title=null
INFO  [Test worker][2023-05-01T15:04:53,376] [com.indeed.proctor.webapp.jobs.BackgroundJobManager.submit] - a background job was submitted : id=253 uuid=57573014-ad21-47e7-8b9e-71375754ddb5 title=null
INFO  [Test worker][2023-05-01T15:04:53,376] [com.indeed.proctor.webapp.jobs.BackgroundJobManager.submit] - a background job was submitted : id=254 uuid=ee1b5136-2c3f-4a94-a3a9-dfdeb16a9819 title=null
INFO  [Test worker][2023-05-01T15:04:53,376] [com.indeed.proctor.webapp.jobs.BackgroundJobManager.submit] - a background job was submitted : id=255 uuid=1f4585f2-e68c-41ec-9279-c99b21af8082 title=null
INFO  [Test worker][2023-05-01T15:04:53,376] [com.indeed.proctor.webapp.jobs.BackgroundJobManager.submit] - a background job was submitted : id=256 uuid=1fc6f316-ec91-4edf-8e0e-841011f131bf title=null
INFO  [Test worker][2023-05-01T15:04:53,377] [com.indeed.proctor.webapp.jobs.BackgroundJobManager.submit] - a background job was submitted : id=257 uuid=71462b2c-e7bd-4387-bedf-767b12c3b98b title=null
INFO  [Test worker][2023-05-01T15:04:53,377] [com.indeed.proctor.webapp.jobs.BackgroundJobManager.submit] - a background job was submitted : id=258 uuid=dffd809a-bbaa-475f-b4d7-2f5e7dbb3225 title=null
INFO  [Test worker][2023-05-01T15:04:53,377] [com.indeed.proctor.webapp.jobs.BackgroundJobManager.submit] - a background job was submitted : id=259 uuid=42619908-12b2-4097-af08-50d52ab00787 title=null
INFO  [Test worker][2023-05-01T15:04:53,377] [com.indeed.proctor.webapp.jobs.BackgroundJobManager.submit] - a background job was submitted : id=260 uuid=cc1394f5-49bc-465c-a33e-e954abd2544f title=null
INFO  [Test worker][2023-05-01T15:04:53,378] [com.indeed.proctor.webapp.jobs.BackgroundJobManager.submit] - a background job was submitted : id=261 uuid=da6b6ff7-a37e-4e6d-95d1-ec2eaa793777 title=null
INFO  [Test worker][2023-05-01T15:04:53,378] [com.indeed.proctor.webapp.jobs.BackgroundJobManager.submit] - a background job was submitted : id=262 uuid=6a4c9d8f-6339-4a1b-88a7-15193e14cbd3 title=null
INFO  [Test worker][2023-05-01T15:04:53,378] [com.indeed.proctor.webapp.jobs.BackgroundJobManager.submit] - a background job was submitted : id=263 uuid=b7e853db-2b9f-4056-89f5-38d99d64ffd6 title=null
INFO  [Test worker][2023-05-01T15:04:53,378] [com.indeed.proctor.webapp.jobs.BackgroundJobManager.submit] - a background job was submitted : id=264 uuid=4f955db8-f34e-45c2-8ef3-5e31af222b90 title=null
INFO  [Test worker][2023-05-01T15:04:53,378] [com.indeed.proctor.webapp.jobs.BackgroundJobManager.submit] - a background job was submitted : id=265 uuid=25df0d65-dfe8-4fd8-809f-e44ae7e05eb7 title=null
INFO  [Test worker][2023-05-01T15:04:53,379] [com.indeed.proctor.webapp.jobs.BackgroundJobManager.submit] - a background job was submitted : id=266 uuid=34fea25f-4975-4737-b117-401131c3e55b title=null
INFO  [Test worker][2023-05-01T15:04:53,379] [com.indeed.proctor.webapp.jobs.BackgroundJobManager.submit] - a background job was submitted : id=267 uuid=f6780f7f-4eb4-4b86-928e-0927611ab6a3 title=null
INFO  [Test worker][2023-05-01T15:04:53,379] [com.indeed.proctor.webapp.jobs.BackgroundJobManager.submit] - a background job was submitted : id=268 uuid=9c81cbcf-738e-41ad-b8af-cda8603d9997 title=null
INFO  [Test worker][2023-05-01T15:04:53,380] [com.indeed.proctor.webapp.jobs.BackgroundJobManager.submit] - a background job was submitted : id=269 uuid=43b53fae-62e1-4d87-b2e2-4c87157b635d title=null
INFO  [Test worker][2023-05-01T15:04:53,380] [com.indeed.proctor.webapp.jobs.BackgroundJobManager.submit] - a background job was submitted : id=270 uuid=a94f33ed-a89f-48d3-ab20-77394645ba24 title=null
INFO  [Test worker][2023-05-01T15:04:53,380] [com.indeed.proctor.webapp.jobs.BackgroundJobManager.submit] - a background job was submitted : id=271 uuid=25fa91c2-18d4-4169-948d-a40e5c36a5f9 title=null
INFO  [Test worker][2023-05-01T15:04:53,380] [com.indeed.proctor.webapp.jobs.BackgroundJobManager.submit] - a background job was submitted : id=272 uuid=81e09e88-720b-4179-9dcd-f2177e9530dd title=null
INFO  [Test worker][2023-05-01T15:04:53,381] [com.indeed.proctor.webapp.jobs.BackgroundJobManager.submit] - a background job was submitted : id=273 uuid=fd24d623-2ea1-4c7b-a266-9e6570a9a955 title=null
INFO  [Test worker][2023-05-01T15:04:53,381] [com.indeed.proctor.webapp.jobs.BackgroundJobManager.submit] - a background job was submitted : id=274 uuid=d7f3caba-68c5-4e18-a0a1-455ee0b5c9be title=null
INFO  [Test worker][2023-05-01T15:04:53,381] [com.indeed.proctor.webapp.jobs.BackgroundJobManager.submit] - a background job was submitted : id=275 uuid=e9681d9c-e28d-4e1b-912a-02f92d7661b2 title=null
INFO  [Test worker][2023-05-01T15:04:53,381] [com.indeed.proctor.webapp.jobs.BackgroundJobManager.submit] - a background job was submitted : id=276 uuid=13473a24-53e2-4842-a439-635df572a7e0 title=null
INFO  [Test worker][2023-05-01T15:04:53,381] [com.indeed.proctor.webapp.jobs.BackgroundJobManager.submit] - a background job was submitted : id=277 uuid=4b6c691d-fc66-421b-9ed6-9ebaabed5d45 title=null
INFO  [Test worker][2023-05-01T15:04:53,382] [com.indeed.proctor.webapp.jobs.BackgroundJobManager.submit] - a background job was submitted : id=278 uuid=22e2a21d-2c32-4e3e-92b8-daf4614d9cce title=null
INFO  [Test worker][2023-05-01T15:04:53,382] [com.indeed.proctor.webapp.jobs.BackgroundJobManager.submit] - a background job was submitted : id=279 uuid=e32c5513-2a06-4491-a156-5ab9c140c67d title=null
INFO  [Test worker][2023-05-01T15:04:53,382] [com.indeed.proctor.webapp.jobs.BackgroundJobManager.submit] - a background job was submitted : id=280 uuid=24b880f9-a087-4612-bce4-179b1be22115 title=null
INFO  [Test worker][2023-05-01T15:04:53,382] [com.indeed.proctor.webapp.jobs.BackgroundJobManager.submit] - a background job was submitted : id=281 uuid=5b549b0b-2f7e-4dfa-919d-9929aaa33c77 title=null
INFO  [Test worker][2023-05-01T15:04:53,382] [com.indeed.proctor.webapp.jobs.BackgroundJobManager.submit] - a background job was submitted : id=282 uuid=d98250d1-8fe7-4985-80a7-48d40f39b183 title=null
INFO  [Test worker][2023-05-01T15:04:53,382] [com.indeed.proctor.webapp.jobs.BackgroundJobManager.submit] - a background job was submitted : id=283 uuid=4d33d0df-a2af-4f75-a3c3-8623d103b170 title=null
INFO  [Test worker][2023-05-01T15:04:53,383] [com.indeed.proctor.webapp.jobs.BackgroundJobManager.submit] - a background job was submitted : id=284 uuid=93115c78-cc89-44aa-b373-578dc47d129c title=null
INFO  [Test worker][2023-05-01T15:04:53,383] [com.indeed.proctor.webapp.jobs.BackgroundJobManager.submit] - a background job was submitted : id=285 uuid=1d853d70-b097-426d-a876-61e9ea1862a3 title=null
INFO  [Test worker][2023-05-01T15:04:53,383] [com.indeed.proctor.webapp.jobs.BackgroundJobManager.submit] - a background job was submitted : id=286 uuid=aee0c258-0bfe-4bd7-b5a3-4d399237f713 title=null
INFO  [Test worker][2023-05-01T15:04:53,383] [com.indeed.proctor.webapp.jobs.BackgroundJobManager.submit] - a background job was submitted : id=287 uuid=2204350c-8260-48d1-8ff7-f4ef38291017 title=null
INFO  [Test worker][2023-05-01T15:04:53,383] [com.indeed.proctor.webapp.jobs.BackgroundJobManager.submit] - a background job was submitted : id=288 uuid=ecb31e9a-4963-4a6c-889c-46da1d4c67b4 title=null
INFO  [Test worker][2023-05-01T15:04:53,384] [com.indeed.proctor.webapp.jobs.BackgroundJobManager.submit] - a background job was submitted : id=289 uuid=bde67a60-4872-4890-9d23-2e7486658616 title=null
INFO  [Test worker][2023-05-01T15:04:53,384] [com.indeed.proctor.webapp.jobs.BackgroundJobManager.submit] - a background job was submitted : id=290 uuid=b0691b34-b4ef-4ea6-ac3c-d458fd08abc8 title=null
INFO  [Test worker][2023-05-01T15:04:53,384] [com.indeed.proctor.webapp.jobs.BackgroundJobManager.submit] - a background job was submitted : id=291 uuid=83caafaa-74de-419b-93df-7bd38dec41de title=null
INFO  [Test worker][2023-05-01T15:04:53,384] [com.indeed.proctor.webapp.jobs.BackgroundJobManager.submit] - a background job was submitted : id=292 uuid=c50c0cc4-b00e-4208-9ed2-bddf03433ccd title=null
INFO  [Test worker][2023-05-01T15:04:53,384] [com.indeed.proctor.webapp.jobs.BackgroundJobManager.submit] - a background job was submitted : id=293 uuid=c740e34c-4c3b-47ed-bddf-4a6e136d476f title=null
INFO  [Test worker][2023-05-01T15:04:53,385] [com.indeed.proctor.webapp.jobs.BackgroundJobManager.submit] - a background job was submitted : id=294 uuid=7be502e0-16e8-44b4-828a-57308ea7a29e title=null
INFO  [Test worker][2023-05-01T15:04:53,385] [com.indeed.proctor.webapp.jobs.BackgroundJobManager.submit] - a background job was submitted : id=295 uuid=1a9d25d4-313d-48f1-b004-8f9cce4116e7 title=null
INFO  [Test worker][2023-05-01T15:04:53,385] [com.indeed.proctor.webapp.jobs.BackgroundJobManager.submit] - a background job was submitted : id=296 uuid=2a4b34f4-3014-46ce-952f-694eb4f562ab title=null
INFO  [Test worker][2023-05-01T15:04:53,385] [com.indeed.proctor.webapp.jobs.BackgroundJobManager.submit] - a background job was submitted : id=297 uuid=a38ee919-7554-4784-850e-54ed97cde884 title=null
INFO  [Test worker][2023-05-01T15:04:53,386] [com.indeed.proctor.webapp.jobs.BackgroundJobManager.submit] - a background job was submitted : id=298 uuid=7fc86252-f783-48b3-a2a6-60cb71e86f5d title=null
INFO  [Test worker][2023-05-01T15:04:53,386] [com.indeed.proctor.webapp.jobs.BackgroundJobManager.submit] - a background job was submitted : id=299 uuid=fa1f4e36-4337-4502-bac3-2e18a7405752 title=null
INFO  [Test worker][2023-05-01T15:04:53,386] [com.indeed.proctor.webapp.jobs.BackgroundJobManager.submit] - a background job was submitted : id=300 uuid=1720fcd1-088b-4aa3-a747-b4fea00d9a0d title=null
INFO  [Test worker][2023-05-01T15:04:53,386] [com.indeed.proctor.webapp.jobs.BackgroundJobManager.submit] - a background job was submitted : id=301 uuid=ef3abefb-1d4a-48ee-92c1-8e8f65600edc title=null
INFO  [Test worker][2023-05-01T15:04:53,386] [com.indeed.proctor.webapp.jobs.BackgroundJobManager.submit] - a background job was submitted : id=302 uuid=2ed2ab60-8c8b-4161-b304-35eba4677b49 title=null
INFO  [Test worker][2023-05-01T15:04:53,387] [com.indeed.proctor.webapp.jobs.BackgroundJobManager.submit] - a background job was submitted : id=303 uuid=d3b1f932-646e-4862-b95f-2f7b151e4750 title=null
INFO  [Test worker][2023-05-01T15:04:53,387] [com.indeed.proctor.webapp.jobs.BackgroundJobManager.submit] - a background job was submitted : id=304 uuid=50be3003-0350-48c1-9b95-f117668301f9 title=null
INFO  [Test worker][2023-05-01T15:04:53,387] [com.indeed.proctor.webapp.jobs.BackgroundJobManager.submit] - a background job was submitted : id=305 uuid=c6ff4e4d-2391-4fc6-96d6-fa5ef35b2fa8 title=null
INFO  [Test worker][2023-05-01T15:04:53,387] [com.indeed.proctor.webapp.jobs.BackgroundJobManager.submit] - a background job was submitted : id=306 uuid=e4a3984e-df29-45f3-a61c-3abac8f58650 title=null
INFO  [Test worker][2023-05-01T15:04:53,387] [com.indeed.proctor.webapp.jobs.BackgroundJobManager.submit] - a background job was submitted : id=307 uuid=4cb22d80-4923-445a-b60c-16d267afab53 title=null
INFO  [Test worker][2023-05-01T15:04:53,388] [com.indeed.proctor.webapp.jobs.BackgroundJobManager.submit] - a background job was submitted : id=308 uuid=862c48ef-0250-4b4a-a61f-e3748a587831 title=null
INFO  [Test worker][2023-05-01T15:04:53,388] [com.indeed.proctor.webapp.jobs.BackgroundJobManager.submit] - a background job was submitted : id=309 uuid=0d7ec30d-81ce-4a62-ae6c-09ed70700c6c title=null
INFO  [Test worker][2023-05-01T15:04:53,388] [com.indeed.proctor.webapp.jobs.BackgroundJobManager.submit] - a background job was submitted : id=310 uuid=48acefef-0b62-47f4-88d0-ae1743f35641 title=null
INFO  [Test worker][2023-05-01T15:04:53,388] [com.indeed.proctor.webapp.jobs.BackgroundJobManager.submit] - a background job was submitted : id=311 uuid=ee594a7e-3689-447d-b9df-ed50d1cac971 title=null
INFO  [Test worker][2023-05-01T15:04:53,388] [com.indeed.proctor.webapp.jobs.BackgroundJobManager.submit] - a background job was submitted : id=312 uuid=4b2125b6-44f6-4e0b-94ca-1ea716a437ac title=null
INFO  [Test worker][2023-05-01T15:04:53,388] [com.indeed.proctor.webapp.jobs.BackgroundJobManager.submit] - a background job was submitted : id=313 uuid=d9984800-9b9d-4040-9a87-15cb3334f01e title=null
INFO  [Test worker][2023-05-01T15:04:53,389] [com.indeed.proctor.webapp.jobs.BackgroundJobManager.submit] - a background job was submitted : id=314 uuid=f9d650f0-fd80-4180-ac75-eff19950fe44 title=null
INFO  [Test worker][2023-05-01T15:04:53,389] [com.indeed.proctor.webapp.jobs.BackgroundJobManager.submit] - a background job was submitted : id=315 uuid=1998cdf5-c169-4560-ae24-7bf67f648efb title=null
INFO  [Test worker][2023-05-01T15:04:53,389] [com.indeed.proctor.webapp.jobs.BackgroundJobManager.submit] - a background job was submitted : id=316 uuid=1b98d0a5-6c9b-4457-b70f-1b65291c4be1 title=null
INFO  [Test worker][2023-05-01T15:04:53,389] [com.indeed.proctor.webapp.jobs.BackgroundJobManager.submit] - a background job was submitted : id=317 uuid=39fb317e-cf26-4315-bd83-9527b4d50da9 title=null
INFO  [Test worker][2023-05-01T15:04:53,389] [com.indeed.proctor.webapp.jobs.BackgroundJobManager.submit] - a background job was submitted : id=318 uuid=9b1bbea5-e33e-49f8-b5e1-23f397a5c529 title=null
INFO  [Test worker][2023-05-01T15:04:53,390] [com.indeed.proctor.webapp.jobs.BackgroundJobManager.submit] - a background job was submitted : id=319 uuid=0f00309e-a370-4705-9f28-65b07093c371 title=null
INFO  [Test worker][2023-05-01T15:04:53,390] [com.indeed.proctor.webapp.jobs.BackgroundJobManager.submit] - a background job was submitted : id=320 uuid=b996bd22-b305-41b4-bcb1-143acd17da11 title=null
INFO  [Test worker][2023-05-01T15:04:53,390] [com.indeed.proctor.webapp.jobs.BackgroundJobManager.submit] - a background job was submitted : id=321 uuid=09dcab6e-253d-428c-89a8-8e487769efad title=null
INFO  [Test worker][2023-05-01T15:04:53,390] [com.indeed.proctor.webapp.jobs.BackgroundJobManager.submit] - a background job was submitted : id=322 uuid=c1eb26ed-e093-4002-9a52-31e02b0770c1 title=null
INFO  [Test worker][2023-05-01T15:04:53,390] [com.indeed.proctor.webapp.jobs.BackgroundJobManager.submit] - a background job was submitted : id=323 uuid=75356368-495c-4e35-a2af-e60a104e5d49 title=null
INFO  [Test worker][2023-05-01T15:04:53,391] [com.indeed.proctor.webapp.jobs.BackgroundJobManager.submit] - a background job was submitted : id=324 uuid=a83cc0ec-9b79-4d60-ba46-a4fd07d79957 title=null
INFO  [Test worker][2023-05-01T15:04:53,391] [com.indeed.proctor.webapp.jobs.BackgroundJobManager.submit] - a background job was submitted : id=325 uuid=ea72a91c-d3e9-4286-84e1-e525cdb0d882 title=null
INFO  [Test worker][2023-05-01T15:04:53,391] [com.indeed.proctor.webapp.jobs.BackgroundJobManager.submit] - a background job was submitted : id=326 uuid=d27a8abc-90ad-46e5-9b61-1e27f1f5b761 title=null
INFO  [Test worker][2023-05-01T15:04:53,391] [com.indeed.proctor.webapp.jobs.BackgroundJobManager.submit] - a background job was submitted : id=327 uuid=b1b3a030-6ee6-4274-bed9-cfeb3b1b05d9 title=null
INFO  [Test worker][2023-05-01T15:04:53,391] [com.indeed.proctor.webapp.jobs.BackgroundJobManager.submit] - a background job was submitted : id=328 uuid=5f1ffd99-a075-49c7-ba24-20f6cc21a30d title=null
INFO  [Test worker][2023-05-01T15:04:53,392] [com.indeed.proctor.webapp.jobs.BackgroundJobManager.submit] - a background job was submitted : id=329 uuid=4d88f84a-3649-40eb-9b1c-653f07d9641f title=null
INFO  [Test worker][2023-05-01T15:04:53,392] [com.indeed.proctor.webapp.jobs.BackgroundJobManager.submit] - a background job was submitted : id=330 uuid=3e90a5f7-de1d-4bcb-bb3f-71bfff1c30d1 title=null
INFO  [Test worker][2023-05-01T15:04:53,392] [com.indeed.proctor.webapp.jobs.BackgroundJobManager.submit] - a background job was submitted : id=331 uuid=094c456f-3182-41bc-ab9d-4595cc3130d9 title=null
INFO  [Test worker][2023-05-01T15:04:53,392] [com.indeed.proctor.webapp.jobs.BackgroundJobManager.submit] - a background job was submitted : id=332 uuid=b5d60da6-8a0d-47d3-aa2d-f0cab0b514d0 title=null
INFO  [Test worker][2023-05-01T15:04:53,392] [com.indeed.proctor.webapp.jobs.BackgroundJobManager.submit] - a background job was submitted : id=333 uuid=b4e32e08-bbe0-4741-9a04-96dade3edbf4 title=null
INFO  [Test worker][2023-05-01T15:04:53,393] [com.indeed.proctor.webapp.jobs.BackgroundJobManager.submit] - a background job was submitted : id=334 uuid=71bbea82-9653-484b-85fb-a203295c3c48 title=null
INFO  [Test worker][2023-05-01T15:04:53,393] [com.indeed.proctor.webapp.jobs.BackgroundJobManager.submit] - a background job was submitted : id=335 uuid=1d3bb852-c5c6-4814-9bc7-3fa5b363232e title=null
INFO  [Test worker][2023-05-01T15:04:53,393] [com.indeed.proctor.webapp.jobs.BackgroundJobManager.submit] - a background job was submitted : id=336 uuid=cab4e43e-ad44-49d6-aabf-27527d402ab3 title=null
INFO  [Test worker][2023-05-01T15:04:53,393] [com.indeed.proctor.webapp.jobs.BackgroundJobManager.submit] - a background job was submitted : id=337 uuid=fdb03beb-3350-4470-b93a-a4705d0a0ef8 title=null
INFO  [Test worker][2023-05-01T15:04:53,393] [com.indeed.proctor.webapp.jobs.BackgroundJobManager.submit] - a background job was submitted : id=338 uuid=2642ae8d-630e-46e3-a425-cd9656f155db title=null
INFO  [Test worker][2023-05-01T15:04:53,394] [com.indeed.proctor.webapp.jobs.BackgroundJobManager.submit] - a background job was submitted : id=339 uuid=6b3a3cfc-98b9-4520-b8ab-82be1c025ad9 title=null
INFO  [Test worker][2023-05-01T15:04:53,394] [com.indeed.proctor.webapp.jobs.BackgroundJobManager.submit] - a background job was submitted : id=340 uuid=4f7c41b9-a664-42f0-81a3-1632f7ebaec5 title=null
INFO  [Test worker][2023-05-01T15:04:53,394] [com.indeed.proctor.webapp.jobs.BackgroundJobManager.submit] - a background job was submitted : id=341 uuid=f0fdaf79-9616-4dee-a3a1-82a10270297c title=null
INFO  [Test worker][2023-05-01T15:04:53,394] [com.indeed.proctor.webapp.jobs.BackgroundJobManager.submit] - a background job was submitted : id=342 uuid=257e0d6d-f520-473d-bc6d-738b74746137 title=null
INFO  [Test worker][2023-05-01T15:04:53,394] [com.indeed.proctor.webapp.jobs.BackgroundJobManager.submit] - a background job was submitted : id=343 uuid=0f181796-df3a-4ad4-8d16-ebaf04a43296 title=null
INFO  [Test worker][2023-05-01T15:04:53,395] [com.indeed.proctor.webapp.jobs.BackgroundJobManager.submit] - a background job was submitted : id=344 uuid=da0f4494-68f0-4099-8131-f2f42f8bfc50 title=null
INFO  [Test worker][2023-05-01T15:04:53,395] [com.indeed.proctor.webapp.jobs.BackgroundJobManager.submit] - a background job was submitted : id=345 uuid=8a40c5fb-fba2-4644-9a5f-1e78a5cfa8ac title=null
INFO  [Test worker][2023-05-01T15:04:53,395] [com.indeed.proctor.webapp.jobs.BackgroundJobManager.submit] - a background job was submitted : id=346 uuid=33716be7-0102-41e1-ac3c-e385bc7b535f title=null
INFO  [Test worker][2023-05-01T15:04:53,395] [com.indeed.proctor.webapp.jobs.BackgroundJobManager.submit] - a background job was submitted : id=347 uuid=d642152d-c72f-44a1-95ff-95b88c6479ba title=null
INFO  [Test worker][2023-05-01T15:04:53,395] [com.indeed.proctor.webapp.jobs.BackgroundJobManager.submit] - a background job was submitted : id=348 uuid=52b0082b-b7c6-4869-86e9-9249c596f8e1 title=null
INFO  [Test worker][2023-05-01T15:04:53,396] [com.indeed.proctor.webapp.jobs.BackgroundJobManager.submit] - a background job was submitted : id=349 uuid=70e8f3c6-e6b4-4165-aef4-6248e538f116 title=null
INFO  [Test worker][2023-05-01T15:04:53,396] [com.indeed.proctor.webapp.jobs.BackgroundJobManager.submit] - a background job was submitted : id=350 uuid=aa541475-1a1f-40e1-816c-835799465af5 title=null
INFO  [Test worker][2023-05-01T15:04:53,396] [com.indeed.proctor.webapp.jobs.BackgroundJobManager.submit] - a background job was submitted : id=351 uuid=efb49ebd-19b8-4d3f-bd7c-0e1d677b25bc title=null
INFO  [Test worker][2023-05-01T15:04:53,396] [com.indeed.proctor.webapp.jobs.BackgroundJobManager.submit] - a background job was submitted : id=352 uuid=657a2973-3038-4417-8cb5-d31cdd01a028 title=null
INFO  [Test worker][2023-05-01T15:04:53,396] [com.indeed.proctor.webapp.jobs.BackgroundJobManager.submit] - a background job was submitted : id=353 uuid=53d91173-9fe0-419b-8657-e6ba41d65bf3 title=null
INFO  [Test worker][2023-05-01T15:04:53,397] [com.indeed.proctor.webapp.jobs.BackgroundJobManager.submit] - a background job was submitted : id=354 uuid=2302cb0c-9066-4a23-b18a-9e583ff5d31f title=null
INFO  [Test worker][2023-05-01T15:04:53,397] [com.indeed.proctor.webapp.jobs.BackgroundJobManager.submit] - a background job was submitted : id=355 uuid=f70a01ea-42e2-4d32-a5a4-8a109a28cb8a title=null
INFO  [Test worker][2023-05-01T15:04:53,397] [com.indeed.proctor.webapp.jobs.BackgroundJobManager.submit] - a background job was submitted : id=356 uuid=d00e1a28-fee6-486a-84b7-106cae5bd573 title=null
INFO  [Test worker][2023-05-01T15:04:53,397] [com.indeed.proctor.webapp.jobs.BackgroundJobManager.submit] - a background job was submitted : id=357 uuid=20730093-23e5-4ff8-ba21-7606a0bb180c title=null
INFO  [Test worker][2023-05-01T15:04:53,398] [com.indeed.proctor.webapp.jobs.BackgroundJobManager.submit] - a background job was submitted : id=358 uuid=5d691ed1-36c7-4b2e-ac85-5044f23985f7 title=null
INFO  [Test worker][2023-05-01T15:04:53,398] [com.indeed.proctor.webapp.jobs.BackgroundJobManager.submit] - a background job was submitted : id=359 uuid=a5ae553c-a4ab-4c70-9b62-fec7b00b6326 title=null
INFO  [Test worker][2023-05-01T15:04:53,398] [com.indeed.proctor.webapp.jobs.BackgroundJobManager.submit] - a background job was submitted : id=360 uuid=d10809fc-0ec3-4eeb-b944-f391b2419ba1 title=null
INFO  [Test worker][2023-05-01T15:04:53,398] [com.indeed.proctor.webapp.jobs.BackgroundJobManager.submit] - a background job was submitted : id=361 uuid=419a8a09-09cb-4fc1-891e-e1b5bc0e15e5 title=null
INFO  [Test worker][2023-05-01T15:04:53,398] [com.indeed.proctor.webapp.jobs.BackgroundJobManager.submit] - a background job was submitted : id=362 uuid=3d09319d-91f1-4ebe-a116-87b275dac4c0 title=null
INFO  [Test worker][2023-05-01T15:04:53,399] [com.indeed.proctor.webapp.jobs.BackgroundJobManager.submit] - a background job was submitted : id=363 uuid=9bab9363-45a2-4d4c-8508-1a64df3b0ee3 title=null
INFO  [Test worker][2023-05-01T15:04:53,399] [com.indeed.proctor.webapp.jobs.BackgroundJobManager.submit] - a background job was submitted : id=364 uuid=351c5c82-a61a-4388-8bdf-bf8c67f678df title=null
INFO  [Test worker][2023-05-01T15:04:53,399] [com.indeed.proctor.webapp.jobs.BackgroundJobManager.submit] - a background job was submitted : id=365 uuid=99f03750-45d4-4802-9f09-1ade374dace8 title=null
INFO  [Test worker][2023-05-01T15:04:53,399] [com.indeed.proctor.webapp.jobs.BackgroundJobManager.submit] - a background job was submitted : id=366 uuid=0cef7940-1e30-4bf3-a0b2-d55626747d00 title=null
INFO  [Test worker][2023-05-01T15:04:53,399] [com.indeed.proctor.webapp.jobs.BackgroundJobManager.submit] - a background job was submitted : id=367 uuid=609bd841-96ca-4fce-bdb7-31d7ef4afd16 title=null
INFO  [Test worker][2023-05-01T15:04:53,400] [com.indeed.proctor.webapp.jobs.BackgroundJobManager.submit] - a background job was submitted : id=368 uuid=204d4c1c-a4d4-4a64-86a7-58515c99150a title=null
INFO  [Test worker][2023-05-01T15:04:53,400] [com.indeed.proctor.webapp.jobs.BackgroundJobManager.submit] - a background job was submitted : id=369 uuid=5caef799-4ca5-4bd1-90e6-a7b5c2eb210b title=null
INFO  [Test worker][2023-05-01T15:04:53,400] [com.indeed.proctor.webapp.jobs.BackgroundJobManager.submit] - a background job was submitted : id=370 uuid=bc75e913-73b1-479c-9351-0af344e1340b title=null
INFO  [Test worker][2023-05-01T15:04:53,400] [com.indeed.proctor.webapp.jobs.BackgroundJobManager.submit] - a background job was submitted : id=371 uuid=ee8daa19-aaf8-4044-a4f3-dbdfde397975 title=null
INFO  [Test worker][2023-05-01T15:04:53,400] [com.indeed.proctor.webapp.jobs.BackgroundJobManager.submit] - a background job was submitted : id=372 uuid=6e0a1f40-4fcb-4cba-93e2-c421eabb97b9 title=null
INFO  [Test worker][2023-05-01T15:04:53,401] [com.indeed.proctor.webapp.jobs.BackgroundJobManager.submit] - a background job was submitted : id=373 uuid=acca4f35-c4c1-40c5-96f0-f24d86105039 title=null
INFO  [Test worker][2023-05-01T15:04:53,401] [com.indeed.proctor.webapp.jobs.BackgroundJobManager.submit] - a background job was submitted : id=374 uuid=42268e79-6542-4448-97f3-6150d69c4529 title=null
INFO  [Test worker][2023-05-01T15:04:53,401] [com.indeed.proctor.webapp.jobs.BackgroundJobManager.submit] - a background job was submitted : id=375 uuid=329f1740-1780-42a0-b311-aafce2e0f17d title=null
INFO  [Test worker][2023-05-01T15:04:53,401] [com.indeed.proctor.webapp.jobs.BackgroundJobManager.submit] - a background job was submitted : id=376 uuid=a597081b-9c7e-4fa1-970f-0704b75d3473 title=null
INFO  [Test worker][2023-05-01T15:04:53,402] [com.indeed.proctor.webapp.jobs.BackgroundJobManager.submit] - a background job was submitted : id=377 uuid=acfea66f-7f89-4e58-b6cb-e89d1741931d title=null
INFO  [Test worker][2023-05-01T15:04:53,402] [com.indeed.proctor.webapp.jobs.BackgroundJobManager.submit] - a background job was submitted : id=378 uuid=a5cb7adb-54d4-4916-b215-c4b26d6475c7 title=null
INFO  [Test worker][2023-05-01T15:04:53,402] [com.indeed.proctor.webapp.jobs.BackgroundJobManager.submit] - a background job was submitted : id=379 uuid=b47160a9-9c7b-4f5b-b9d1-122eddfd7981 title=null
INFO  [Test worker][2023-05-01T15:04:53,402] [com.indeed.proctor.webapp.jobs.BackgroundJobManager.submit] - a background job was submitted : id=380 uuid=55b57a2f-e670-4475-8119-b65857f28c4b title=null
INFO  [Test worker][2023-05-01T15:04:53,403] [com.indeed.proctor.webapp.jobs.BackgroundJobManager.submit] - a background job was submitted : id=381 uuid=70946bba-aba8-40bd-92c3-2a36fc9bb1d4 title=null
INFO  [Test worker][2023-05-01T15:04:53,403] [com.indeed.proctor.webapp.jobs.BackgroundJobManager.submit] - a background job was submitted : id=382 uuid=e234f71f-6667-4d28-9da9-3ab43c3d2db9 title=null
INFO  [Test worker][2023-05-01T15:04:53,403] [com.indeed.proctor.webapp.jobs.BackgroundJobManager.submit] - a background job was submitted : id=383 uuid=ff0cb3cd-5fc7-4eae-a163-176a219d3990 title=null
INFO  [Test worker][2023-05-01T15:04:53,403] [com.indeed.proctor.webapp.jobs.BackgroundJobManager.submit] - a background job was submitted : id=384 uuid=c2eb3538-b243-432e-a9fc-b8f53a925aa5 title=null
INFO  [Test worker][2023-05-01T15:04:53,403] [com.indeed.proctor.webapp.jobs.BackgroundJobManager.submit] - a background job was submitted : id=385 uuid=cd0c70f8-0eb8-44f3-8743-b68eaca0e75e title=null
INFO  [Test worker][2023-05-01T15:04:53,404] [com.indeed.proctor.webapp.jobs.BackgroundJobManager.submit] - a background job was submitted : id=386 uuid=a27b29cd-5bf3-40b1-bab0-d2a990f14eca title=null
INFO  [Test worker][2023-05-01T15:04:53,404] [com.indeed.proctor.webapp.jobs.BackgroundJobManager.submit] - a background job was submitted : id=387 uuid=5cb38181-4a7e-46e7-a19d-cc83778ac537 title=null
INFO  [Test worker][2023-05-01T15:04:53,404] [com.indeed.proctor.webapp.jobs.BackgroundJobManager.submit] - a background job was submitted : id=388 uuid=d1063881-f397-4581-8ea2-c2b45edc43ea title=null
INFO  [Test worker][2023-05-01T15:04:53,404] [com.indeed.proctor.webapp.jobs.BackgroundJobManager.submit] - a background job was submitted : id=389 uuid=d9d00c98-9ba2-4b83-8ec8-89005c2f9aa1 title=null
INFO  [Test worker][2023-05-01T15:04:53,404] [com.indeed.proctor.webapp.jobs.BackgroundJobManager.submit] - a background job was submitted : id=390 uuid=9b40a3fc-0cd3-41b6-804a-ce6c434c42b3 title=null
INFO  [Test worker][2023-05-01T15:04:53,405] [com.indeed.proctor.webapp.jobs.BackgroundJobManager.submit] - a background job was submitted : id=391 uuid=ee526b85-9f07-4dc5-9d3d-317ce7d6286b title=null
INFO  [Test worker][2023-05-01T15:04:53,405] [com.indeed.proctor.webapp.jobs.BackgroundJobManager.submit] - a background job was submitted : id=392 uuid=952d8b42-c8e8-4159-96ad-c8a0491e7f80 title=null
INFO  [Test worker][2023-05-01T15:04:53,405] [com.indeed.proctor.webapp.jobs.BackgroundJobManager.submit] - a background job was submitted : id=393 uuid=bb985567-cc0f-446d-94a4-264eab24307c title=null
INFO  [Test worker][2023-05-01T15:04:53,405] [com.indeed.proctor.webapp.jobs.BackgroundJobManager.submit] - a background job was submitted : id=394 uuid=78007d50-16c0-4a5d-a43e-b55d1fd1262d title=null
[...]
INFO  [Test worker][2023-05-01T15:04:53,496] [com.indeed.proctor.webapp.jobs.BackgroundJobManager.submit] - a background job was submitted : id=907 uuid=b84a59b4-1671-46e7-bbc5-8f55bb922dfe title=null
INFO  [Test worker][2023-05-01T15:04:53,497] [com.indeed.proctor.webapp.jobs.BackgroundJobManager.submit] - a background job was submitted : id=908 uuid=a5bb1903-ee52-4134-b01f-0089935a0be6 title=null
INFO  [Test worker][2023-05-01T15:04:53,497] [com.indeed.proctor.webapp.jobs.BackgroundJobManager.submit] - a background job was submitted : id=909 uuid=aa03ae0c-5bb2-4c90-81c2-0b2b44260797 title=null
INFO  [Test worker][2023-05-01T15:04:53,497] [com.indeed.proctor.webapp.jobs.BackgroundJobManager.submit] - a background job was submitted : id=910 uuid=3f4f8da0-d135-47c3-a45c-151edb035ee6 title=null
INFO  [Test worker][2023-05-01T15:04:53,497] [com.indeed.proctor.webapp.jobs.BackgroundJobManager.submit] - a background job was submitted : id=911 uuid=dd9c6077-0ea3-4b03-bd01-f19e27f9a736 title=null
INFO  [Test worker][2023-05-01T15:04:53,497] [com.indeed.proctor.webapp.jobs.BackgroundJobManager.submit] - a background job was submitted : id=912 uuid=2113ce9c-81ed-45aa-b020-537e4855ea1f title=null
INFO  [Test worker][2023-05-01T15:04:53,497] [com.indeed.proctor.webapp.jobs.BackgroundJobManager.submit] - a background job was submitted : id=913 uuid=aaea7e3d-3216-4855-9cd1-26ad2088de34 title=null
INFO  [Test worker][2023-05-01T15:04:53,497] [com.indeed.proctor.webapp.jobs.BackgroundJobManager.submit] - a background job was submitted : id=914 uuid=97d9bc8b-87b9-4757-ab65-67b956003357 title=null
INFO  [Test worker][2023-05-01T15:04:53,498] [com.indeed.proctor.webapp.jobs.BackgroundJobManager.submit] - a background job was submitted : id=915 uuid=60a54b74-226e-4c22-83d5-72f522668423 title=null
INFO  [Test worker][2023-05-01T15:04:53,498] [com.indeed.proctor.webapp.jobs.BackgroundJobManager.submit] - a background job was submitted : id=916 uuid=85f515a2-61f7-4dd1-972e-c9addca3b744 title=null
INFO  [Test worker][2023-05-01T15:04:53,498] [com.indeed.proctor.webapp.jobs.BackgroundJobManager.submit] - a background job was submitted : id=917 uuid=4523681e-abd7-4932-97a3-5c147db3e3f1 title=null
INFO  [Test worker][2023-05-01T15:04:53,498] [com.indeed.proctor.webapp.jobs.BackgroundJobManager.submit] - a background job was submitted : id=918 uuid=0c818eb2-cd1c-4300-b639-17af506d04f3 title=null
INFO  [Test worker][2023-05-01T15:04:53,498] [com.indeed.proctor.webapp.jobs.BackgroundJobManager.submit] - a background job was submitted : id=919 uuid=117a675e-8923-44e0-b78c-9d0b74f086be title=null
INFO  [Test worker][2023-05-01T15:04:53,498] [com.indeed.proctor.webapp.jobs.BackgroundJobManager.submit] - a background job was submitted : id=920 uuid=7d2a0c78-9693-470f-87ae-4daef98865aa title=null
INFO  [Test worker][2023-05-01T15:04:53,499] [com.indeed.proctor.webapp.jobs.BackgroundJobManager.submit] - a background job was submitted : id=921 uuid=745cc66a-63c0-44fd-bbb1-d84477ac7bd1 title=null
INFO  [Test worker][2023-05-01T15:04:53,499] [com.indeed.proctor.webapp.jobs.BackgroundJobManager.submit] - a background job was submitted : id=922 uuid=58ae4353-7fdb-4a82-a730-84c6a1e1e1e0 title=null
INFO  [Test worker][2023-05-01T15:04:53,499] [com.indeed.proctor.webapp.jobs.BackgroundJobManager.submit] - a background job was submitted : id=923 uuid=76097438-7f81-4027-8bd4-52f331512d16 title=null
INFO  [Test worker][2023-05-01T15:04:53,499] [com.indeed.proctor.webapp.jobs.BackgroundJobManager.submit] - a background job was submitted : id=924 uuid=e5aa2684-a064-41c7-b79e-efec2048c473 title=null
INFO  [Test worker][2023-05-01T15:04:53,499] [com.indeed.proctor.webapp.jobs.BackgroundJobManager.submit] - a background job was submitted : id=925 uuid=ffab774b-62d9-4a13-82d1-f12fab35f2e8 title=null
INFO  [Test worker][2023-05-01T15:04:53,499] [com.indeed.proctor.webapp.jobs.BackgroundJobManager.submit] - a background job was submitted : id=926 uuid=6121fe7a-1c4a-48bc-bb65-36fb7fbf75d1 title=null
INFO  [Test worker][2023-05-01T15:04:53,499] [com.indeed.proctor.webapp.jobs.BackgroundJobManager.submit] - a background job was submitted : id=927 uuid=baa857a2-ede1-4073-b5c9-2311274922c2 title=null
INFO  [Test worker][2023-05-01T15:04:53,499] [com.indeed.proctor.webapp.jobs.BackgroundJobManager.submit] - a background job was submitted : id=928 uuid=33f3999d-29e6-4e0f-ba3d-f7841db4305e title=null
INFO  [Test worker][2023-05-01T15:04:53,500] [com.indeed.proctor.webapp.jobs.BackgroundJobManager.submit] - a background job was submitted : id=929 uuid=973f2511-6a3f-4f26-8f69-302ef3a8f30c title=null
INFO  [Test worker][2023-05-01T15:04:53,500] [com.indeed.proctor.webapp.jobs.BackgroundJobManager.submit] - a background job was submitted : id=930 uuid=3f5ff6ff-938a-47ac-b031-7f92d0913cb0 title=null
INFO  [Test worker][2023-05-01T15:04:53,500] [com.indeed.proctor.webapp.jobs.BackgroundJobManager.submit] - a background job was submitted : id=931 uuid=ebd07ab2-2a67-4b36-9360-76dba68dbb16 title=null
INFO  [Test worker][2023-05-01T15:04:53,500] [com.indeed.proctor.webapp.jobs.BackgroundJobManager.submit] - a background job was submitted : id=932 uuid=53888032-b2fd-4ceb-9e0b-6c0ddac5b150 title=null
INFO  [Test worker][2023-05-01T15:04:53,500] [com.indeed.proctor.webapp.jobs.BackgroundJobManager.submit] - a background job was submitted : id=933 uuid=bd4cdfc4-e473-4a7d-a39e-d4f956f9cdbc title=null
INFO  [Test worker][2023-05-01T15:04:53,500] [com.indeed.proctor.webapp.jobs.BackgroundJobManager.submit] - a background job was submitted : id=934 uuid=d3a5b0fe-3ecc-4602-ac19-c43ccb90bdc7 title=null
INFO  [Test worker][2023-05-01T15:04:53,500] [com.indeed.proctor.webapp.jobs.BackgroundJobManager.submit] - a background job was submitted : id=935 uuid=a302303d-cb97-4009-9572-336b0ba53151 title=null
INFO  [Test worker][2023-05-01T15:04:53,501] [com.indeed.proctor.webapp.jobs.BackgroundJobManager.submit] - a background job was submitted : id=936 uuid=9cb84234-f97e-4e3e-be7f-c2a4060286b7 title=null
INFO  [Test worker][2023-05-01T15:04:53,501] [com.indeed.proctor.webapp.jobs.BackgroundJobManager.submit] - a background job was submitted : id=937 uuid=f3c24a09-b3cf-47dc-b4e2-3e762b6be6ee title=null
INFO  [Test worker][2023-05-01T15:04:53,501] [com.indeed.proctor.webapp.jobs.BackgroundJobManager.submit] - a background job was submitted : id=938 uuid=d322afd5-38fe-4f14-81e4-5e2ce6cafe94 title=null
INFO  [Test worker][2023-05-01T15:04:53,501] [com.indeed.proctor.webapp.jobs.BackgroundJobManager.submit] - a background job was submitted : id=939 uuid=994627c2-1ac3-48fe-b98e-61225dcaab36 title=null
INFO  [Test worker][2023-05-01T15:04:53,501] [com.indeed.proctor.webapp.jobs.BackgroundJobManager.submit] - a background job was submitted : id=940 uuid=88780105-8846-4ccd-ba41-8720fd5c488b title=null
INFO  [Test worker][2023-05-01T15:04:53,502] [com.indeed.proctor.webapp.jobs.BackgroundJobManager.submit] - a background job was submitted : id=941 uuid=6755fc1c-badc-4ea2-a60b-a169fd7987cd title=null
INFO  [Test worker][2023-05-01T15:04:53,502] [com.indeed.proctor.webapp.jobs.BackgroundJobManager.submit] - a background job was submitted : id=942 uuid=cd0e007b-c988-46bf-b05a-a86599574a03 title=null
INFO  [Test worker][2023-05-01T15:04:53,502] [com.indeed.proctor.webapp.jobs.BackgroundJobManager.submit] - a background job was submitted : id=943 uuid=0ebdaa6b-9483-47db-bee5-ec0983dea81c title=null
INFO  [Test worker][2023-05-01T15:04:53,502] [com.indeed.proctor.webapp.jobs.BackgroundJobManager.submit] - a background job was submitted : id=944 uuid=d5770aae-1ff7-432e-80a5-3a9f4ce155da title=null
INFO  [Test worker][2023-05-01T15:04:53,502] [com.indeed.proctor.webapp.jobs.BackgroundJobManager.submit] - a background job was submitted : id=945 uuid=368af58a-a950-4280-b528-4e55b23de595 title=null
INFO  [Test worker][2023-05-01T15:04:53,502] [com.indeed.proctor.webapp.jobs.BackgroundJobManager.submit] - a background job was submitted : id=946 uuid=c55a8d6e-dfc5-46f1-95a4-ac77ed7289b5 title=null
INFO  [Test worker][2023-05-01T15:04:53,503] [com.indeed.proctor.webapp.jobs.BackgroundJobManager.submit] - a background job was submitted : id=947 uuid=eef83653-0440-4246-a9cf-cc0fd601c2bb title=null
INFO  [Test worker][2023-05-01T15:04:53,503] [com.indeed.proctor.webapp.jobs.BackgroundJobManager.submit] - a background job was submitted : id=948 uuid=9eadf284-a324-4197-acc9-5378a16d495a title=null
INFO  [Test worker][2023-05-01T15:04:53,503] [com.indeed.proctor.webapp.jobs.BackgroundJobManager.submit] - a background job was submitted : id=949 uuid=dc9d8d5a-63f2-47da-92ea-be645e2b6070 title=null
INFO  [Test worker][2023-05-01T15:04:53,503] [com.indeed.proctor.webapp.jobs.BackgroundJobManager.submit] - a background job was submitted : id=950 uuid=77c180cf-af40-4eaf-bcf9-722ce7436885 title=null
INFO  [Test worker][2023-05-01T15:04:53,503] [com.indeed.proctor.webapp.jobs.BackgroundJobManager.submit] - a background job was submitted : id=951 uuid=5b7b9cb8-809a-4323-96c1-0c4c1205bded title=null
INFO  [Test worker][2023-05-01T15:04:53,503] [com.indeed.proctor.webapp.jobs.BackgroundJobManager.submit] - a background job was submitted : id=952 uuid=6b552adf-fd8d-49f5-a784-962b3b79269a title=null
INFO  [Test worker][2023-05-01T15:04:53,503] [com.indeed.proctor.webapp.jobs.BackgroundJobManager.submit] - a background job was submitted : id=953 uuid=e7ff71da-84e4-4d4e-bc05-ac1e2bb7b148 title=null
INFO  [Test worker][2023-05-01T15:04:53,504] [com.indeed.proctor.webapp.jobs.BackgroundJobManager.submit] - a background job was submitted : id=954 uuid=e78b6d7c-bc63-4136-9546-596373d36def title=null
INFO  [Test worker][2023-05-01T15:04:53,504] [com.indeed.proctor.webapp.jobs.BackgroundJobManager.submit] - a background job was submitted : id=955 uuid=5c47422b-b95e-4c52-8312-d78913fa247f title=null
INFO  [Test worker][2023-05-01T15:04:53,504] [com.indeed.proctor.webapp.jobs.BackgroundJobManager.submit] - a background job was submitted : id=956 uuid=034b1ed6-1801-4406-a664-e457611ea776 title=null
INFO  [Test worker][2023-05-01T15:04:53,504] [com.indeed.proctor.webapp.jobs.BackgroundJobManager.submit] - a background job was submitted : id=957 uuid=9ba92973-0dcc-48c1-9f4c-c51d11deeace title=null
INFO  [Test worker][2023-05-01T15:04:53,504] [com.indeed.proctor.webapp.jobs.BackgroundJobManager.submit] - a background job was submitted : id=958 uuid=25aa3883-18e2-4f54-b4ba-4da2f5214e16 title=null
INFO  [Test worker][2023-05-01T15:04:53,504] [com.indeed.proctor.webapp.jobs.BackgroundJobManager.submit] - a background job was submitted : id=959 uuid=1285e18c-1515-4274-863e-9afe8a71270e title=null
INFO  [Test worker][2023-05-01T15:04:53,504] [com.indeed.proctor.webapp.jobs.BackgroundJobManager.submit] - a background job was submitted : id=960 uuid=ef8ae702-2419-49dd-a8fd-7fef6bcdfe96 title=null
INFO  [Test worker][2023-05-01T15:04:53,505] [com.indeed.proctor.webapp.jobs.BackgroundJobManager.submit] - a background job was submitted : id=961 uuid=a0c78f87-fa44-45f2-8a7d-64cee9a7980c title=null
INFO  [Test worker][2023-05-01T15:04:53,505] [com.indeed.proctor.webapp.jobs.BackgroundJobManager.submit] - a background job was submitted : id=962 uuid=c39da21e-0144-465a-a0a2-0db859950d27 title=null
INFO  [Test worker][2023-05-01T15:04:53,505] [com.indeed.proctor.webapp.jobs.BackgroundJobManager.submit] - a background job was submitted : id=963 uuid=d8df0f73-33e6-4636-aa97-b4a30136850a title=null
INFO  [Test worker][2023-05-01T15:04:53,505] [com.indeed.proctor.webapp.jobs.BackgroundJobManager.submit] - a background job was submitted : id=964 uuid=295f479d-2b0e-428a-996d-26b6c7961a8f title=null
INFO  [Test worker][2023-05-01T15:04:53,505] [com.indeed.proctor.webapp.jobs.BackgroundJobManager.submit] - a background job was submitted : id=965 uuid=53174a8e-4f16-482b-9138-af7751cbb429 title=null
INFO  [Test worker][2023-05-01T15:04:53,505] [com.indeed.proctor.webapp.jobs.BackgroundJobManager.submit] - a background job was submitted : id=966 uuid=44170b4e-9f92-468d-9c83-6ffadc9d5f0c title=null
INFO  [Test worker][2023-05-01T15:04:53,506] [com.indeed.proctor.webapp.jobs.BackgroundJobManager.submit] - a background job was submitted : id=967 uuid=7ef3ff33-4074-4f89-a6d9-d940d47964c6 title=null
INFO  [Test worker][2023-05-01T15:04:53,506] [com.indeed.proctor.webapp.jobs.BackgroundJobManager.submit] - a background job was submitted : id=968 uuid=87899d1a-722f-4971-9fd8-71d020ac2573 title=null
INFO  [Test worker][2023-05-01T15:04:53,506] [com.indeed.proctor.webapp.jobs.BackgroundJobManager.submit] - a background job was submitted : id=969 uuid=8d2f3d4e-91ab-4b3e-bc8d-7f1150bdea7d title=null
INFO  [Test worker][2023-05-01T15:04:53,506] [com.indeed.proctor.webapp.jobs.BackgroundJobManager.submit] - a background job was submitted : id=970 uuid=7ddd7cf3-e465-49ea-9bba-5d76d5ee8a17 title=null
INFO  [Test worker][2023-05-01T15:04:53,506] [com.indeed.proctor.webapp.jobs.BackgroundJobManager.submit] - a background job was submitted : id=971 uuid=702f08da-f531-45eb-aed9-d0988e7904ee title=null
INFO  [Test worker][2023-05-01T15:04:53,506] [com.indeed.proctor.webapp.jobs.BackgroundJobManager.submit] - a background job was submitted : id=972 uuid=2a3133c0-c9a2-4dd7-8f96-6a15b24b0a60 title=null
INFO  [Test worker][2023-05-01T15:04:53,506] [com.indeed.proctor.webapp.jobs.BackgroundJobManager.submit] - a background job was submitted : id=973 uuid=ea3feae6-9203-4c84-9d56-14abccaa439f title=null
INFO  [Test worker][2023-05-01T15:04:53,507] [com.indeed.proctor.webapp.jobs.BackgroundJobManager.submit] - a background job was submitted : id=974 uuid=29303f96-a8b1-4361-a33f-8690a4feb571 title=null
INFO  [Test worker][2023-05-01T15:04:53,507] [com.indeed.proctor.webapp.jobs.BackgroundJobManager.submit] - a background job was submitted : id=975 uuid=28e172e9-902a-47b8-9c58-cc17fbfc0e5f title=null
INFO  [Test worker][2023-05-01T15:04:53,507] [com.indeed.proctor.webapp.jobs.BackgroundJobManager.submit] - a background job was submitted : id=976 uuid=a2dfd079-cd74-4c58-b56f-2470aaaf2e0d title=null
INFO  [Test worker][2023-05-01T15:04:53,507] [com.indeed.proctor.webapp.jobs.BackgroundJobManager.submit] - a background job was submitted : id=977 uuid=3c0af471-314c-4ebb-954d-fb1ef22b19b7 title=null
INFO  [Test worker][2023-05-01T15:04:53,507] [com.indeed.proctor.webapp.jobs.BackgroundJobManager.submit] - a background job was submitted : id=978 uuid=7c9f7804-a789-4228-a5d0-5eae401d618e title=null
INFO  [Test worker][2023-05-01T15:04:53,507] [com.indeed.proctor.webapp.jobs.BackgroundJobManager.submit] - a background job was submitted : id=979 uuid=c93729d0-6910-4635-b6a2-6b1d4f376ec8 title=null
INFO  [Test worker][2023-05-01T15:04:53,507] [com.indeed.proctor.webapp.jobs.BackgroundJobManager.submit] - a background job was submitted : id=980 uuid=87116ce0-0926-43f6-bb87-5fd22223bd6e title=null
INFO  [Test worker][2023-05-01T15:04:53,508] [com.indeed.proctor.webapp.jobs.BackgroundJobManager.submit] - a background job was submitted : id=981 uuid=c0d6d092-1595-4a02-a5eb-b7260f2f2420 title=null
INFO  [Test worker][2023-05-01T15:04:53,508] [com.indeed.proctor.webapp.jobs.BackgroundJobManager.submit] - a background job was submitted : id=982 uuid=83024e3f-c548-4d6d-8914-eb2c9fb7f938 title=null
INFO  [Test worker][2023-05-01T15:04:53,508] [com.indeed.proctor.webapp.jobs.BackgroundJobManager.submit] - a background job was submitted : id=983 uuid=5c678d35-9559-4ae9-8935-4b62814ecb5a title=null
INFO  [Test worker][2023-05-01T15:04:53,508] [com.indeed.proctor.webapp.jobs.BackgroundJobManager.submit] - a background job was submitted : id=984 uuid=aa7c385b-b2e5-41a1-bfc6-34fdcea7e126 title=null
INFO  [Test worker][2023-05-01T15:04:53,508] [com.indeed.proctor.webapp.jobs.BackgroundJobManager.submit] - a background job was submitted : id=985 uuid=2f1d04eb-b0de-4afe-adde-160e624c1502 title=null
INFO  [Test worker][2023-05-01T15:04:53,508] [com.indeed.proctor.webapp.jobs.BackgroundJobManager.submit] - a background job was submitted : id=986 uuid=6be3e696-50c4-43ed-b414-f4647c6b8022 title=null
INFO  [Test worker][2023-05-01T15:04:53,508] [com.indeed.proctor.webapp.jobs.BackgroundJobManager.submit] - a background job was submitted : id=987 uuid=34421f6d-af08-4b64-910b-e4ba373d3cc1 title=null
INFO  [Test worker][2023-05-01T15:04:53,509] [com.indeed.proctor.webapp.jobs.BackgroundJobManager.submit] - a background job was submitted : id=988 uuid=ba1684b3-7dfc-480e-91c7-9fc1d36fa435 title=null
INFO  [Test worker][2023-05-01T15:04:53,509] [com.indeed.proctor.webapp.jobs.BackgroundJobManager.submit] - a background job was submitted : id=989 uuid=b3cbb06d-aeec-4e80-9674-1331ccd0133b title=null
INFO  [Test worker][2023-05-01T15:04:53,509] [com.indeed.proctor.webapp.jobs.BackgroundJobManager.submit] - a background job was submitted : id=990 uuid=61b24ca4-854d-471d-b959-f9652abf058e title=null
INFO  [Test worker][2023-05-01T15:04:53,509] [com.indeed.proctor.webapp.jobs.BackgroundJobManager.submit] - a background job was submitted : id=991 uuid=85b0464b-0cdd-418b-a3f4-9a72115bab9d title=null
INFO  [Test worker][2023-05-01T15:04:53,509] [com.indeed.proctor.webapp.jobs.BackgroundJobManager.submit] - a background job was submitted : id=992 uuid=e519c7ff-01ec-434d-ac97-fbebd8712096 title=null
INFO  [Test worker][2023-05-01T15:04:53,509] [com.indeed.proctor.webapp.jobs.BackgroundJobManager.submit] - a background job was submitted : id=993 uuid=d1f16de0-76ce-4994-ab7d-21a444154fec title=null
INFO  [Test worker][2023-05-01T15:04:53,510] [com.indeed.proctor.webapp.jobs.BackgroundJobManager.submit] - a background job was submitted : id=994 uuid=230399ac-e661-4177-a27b-287cd62a4934 title=null
INFO  [Test worker][2023-05-01T15:04:53,510] [com.indeed.proctor.webapp.jobs.BackgroundJobManager.submit] - a background job was submitted : id=995 uuid=e5e68603-d54d-4a75-bbc5-e6a6eaac143c title=null
INFO  [Test worker][2023-05-01T15:04:53,510] [com.indeed.proctor.webapp.jobs.BackgroundJobManager.submit] - a background job was submitted : id=996 uuid=5d7da1c0-9caa-49a0-8700-438697a373c1 title=null
INFO  [Test worker][2023-05-01T15:04:53,510] [com.indeed.proctor.webapp.jobs.BackgroundJobManager.submit] - a background job was submitted : id=997 uuid=6255c66b-d297-4c44-9a75-04ff7a957303 title=null
INFO  [Test worker][2023-05-01T15:04:53,510] [com.indeed.proctor.webapp.jobs.BackgroundJobManager.submit] - a background job was submitted : id=998 uuid=ef7bec7d-f46a-45c5-8d4f-b54819e92d26 title=null
INFO  [Test worker][2023-05-01T15:04:53,510] [com.indeed.proctor.webapp.jobs.BackgroundJobManager.submit] - a background job was submitted : id=999 uuid=cec759db-bda7-44a8-84d3-5c947fe48d1b title=null
INFO  [Test worker][2023-05-01T15:04:53,511] [com.indeed.proctor.webapp.jobs.BackgroundJobManager.submit] - a background job was submitted : id=1000 uuid=77e851c8-090f-4c89-b0fe-421e9f7c1e76 title=null
INFO  [Test worker][2023-05-01T15:04:53,511] [com.indeed.proctor.webapp.jobs.BackgroundJobManager.submit] - a background job was submitted : id=1001 uuid=5c0664e3-74b6-4661-8f10-01bb0cc8c991 title=null
INFO  [Time-limited test][2023-05-01T15:04:53,513] [com.indeed.proctor.webapp.jobs.BackgroundJobManager.submit] - a background job was submitted : id=1 uuid=6e987f29-ef10-427b-b338-20d68a2c5ddb title=null
INFO  [Time-limited test][2023-05-01T15:04:53,513] [com.indeed.proctor.webapp.jobs.BackgroundJobManager.submit] - a background job was submitted : id=2 uuid=ee6ffd35-e6b1-4522-b81f-de85206d9ad8 title=null
INFO  [Time-limited test][2023-05-01T15:04:53,514] [com.indeed.proctor.webapp.jobs.BackgroundJobManager.submit] - a background job was submitted : id=3 uuid=4187036d-419a-494a-a6c6-1805bbb31f44 title=null
INFO  [Time-limited test][2023-05-01T15:04:53,516] [com.indeed.proctor.webapp.jobs.BackgroundJobManager.submit] - a background job was submitted : id=4 uuid=395de78f-d41d-414b-823d-d269dade392f title=null
]]></system-out>
  <system-err><![CDATA[]]></system-err>
</testsuite>
